═══ DINAMICA BUDGET — INSTALADOR NATIVO v2.0
Inicio: 14/04/2026 19:02:11,19
Origem: C:\Dinamica-Budget
Destino: C:\DinamicaBudget
[14/04/2026 19:02:11,20] [INFO] Origem:  C:\Dinamica-Budget
[14/04/2026 19:02:11,20] [INFO] Destino: C:\DinamicaBudget
[14/04/2026 19:02:11,20] [INFO] Log:     C:\Dinamica-Budget\logs\deploy-20260414_190211.log
[14/04/2026 19:02:11,22] [ETAPA 0/11] Verificacao de pre-requisitos
[14/04/2026 19:02:11,24] [OK] Executando como Administrador
[14/04/2026 19:02:11,28] [OK] Windows Server 2022 (Build 20348)
[14/04/2026 19:02:11,50] [WARN] Python 3.14.4 detectado. Recomendado: 3.12.x
[14/04/2026 19:02:11,67] [OK] pip disponivel
[14/04/2026 19:02:11,88] [OK] Node.js v20.3.1
[14/04/2026 19:02:12,05] [OK] npm disponivel
[14/04/2026 19:02:12,20] [OK] NSSM disponivel no PATH
[14/04/2026 19:02:12,20] [INFO] Verificando IIS...
[14/04/2026 19:02:12,22] [OK] IIS instalado
[14/04/2026 19:02:12,22] [INFO] URL Rewrite ausente. Instalando automaticamente...
[14/04/2026 19:02:19,56] [OK] URL Rewrite 2.1 disponivel
[14/04/2026 19:02:19,58] [INFO] ARR 3.0 ausente. Instalando automaticamente...
[14/04/2026 19:02:23,38] [WARN] ARR 3.0 instalacao automatica falhou. Reverse proxy nao funcionara.
[14/04/2026 19:02:23,40] [PEND] Instalar ARR 3.0 manualmente: https://www.iis.net/downloads/microsoft/application-request-routing
[14/04/2026 19:02:23,40] [INFO] Entrando no check do PostgreSQL...
[14/04/2026 19:02:23,44] [INFO] PostgreSQL nao encontrado. Tentando instalar via winget...
[14/04/2026 19:02:23,65] [WARN] PostgreSQL nao instalado. Etapas de banco serao puladas.
[14/04/2026 19:02:23,65] [PEND] Instalar PostgreSQL 16: https://www.enterprisedb.com/downloads/postgres-postgresql-downloads
[14/04/2026 19:02:23,83] [OK] Arquivos de origem validados
[14/04/2026 19:02:23,83] [INFO] Modo: ATUALIZACAO (instalacao existente detectada)
[14/04/2026 19:02:23,85] [ETAPA 1/11] Sincronizar arquivos do projeto

-------------------------------------------------------------------------------
   ROBOCOPY     ::     Robust File Copy para Windows                              
-------------------------------------------------------------------------------

  Iniciado: terça-feira, 14 de abril de 2026 19:02:23
   Origem : C:\Dinamica-Budget\
     Destino : C:\DinamicaBudget\

    Arquivos: *.*
	    
 Diretórios Exc: .git
	    node_modules
	    venv
	    .venv
	    logs
	    output
	    __pycache__
	    .mypy_cache
	    .pytest_cache
	    
  Opções: *.* /NDL /NFL /S /E /DCOPY:DA /COPY:DAT /PURGE /MIR /NP /R:2 /W:2 

------------------------------------------------------------------------------


------------------------------------------------------------------------------

               Total   Copiada  IgnoradaIncompatibilidade     FALHA    Extras
Diretórios:       119         0       119         0         0         1
 Arquivos:       605         2       603         0         0         0
    Bytes:    7.35 m    44.4 k    7.31 m         0         0         0
N.º de Vezes:   0:00:00   0:00:00                       0:00:00   0:00:00
   Finalizado em: terça-feira, 14 de abril de 2026 19:02:23

[14/04/2026 19:02:23,88] [OK] Projeto sincronizado para C:\DinamicaBudget
[14/04/2026 19:02:23,90] [ETAPA 2/11] Ambiente virtual Python e dependencias
[14/04/2026 19:02:23,91] [SKIP] venv ja existe
[14/04/2026 19:02:23,91] [INFO] Atualizando pip...
Requirement already satisfied: pip in C:\DinamicaBudget\venv\Lib\site-packages (26.0.1)
[14/04/2026 19:02:25,05] [INFO] Instalando dependencias - Python 3.14.4 (pode levar 5-10 min na 1a vez)...
Looking in indexes: https://download.pytorch.org/whl/cpu
Collecting torch>=2.9.0
  Downloading https://download-r2.pytorch.org/whl/cpu/torch-2.11.0%2Bcpu-cp314-cp314-win_amd64.whl.metadata (29 kB)
Collecting filelock (from torch>=2.9.0)
  Downloading filelock-3.25.2-py3-none-any.whl.metadata (2.0 kB)
Collecting typing-extensions>=4.10.0 (from torch>=2.9.0)
  Downloading https://download.pytorch.org/whl/typing_extensions-4.15.0-py3-none-any.whl.metadata (3.3 kB)
Collecting setuptools<82 (from torch>=2.9.0)
  Downloading https://download.pytorch.org/whl/setuptools-70.2.0-py3-none-any.whl.metadata (5.8 kB)
Collecting sympy>=1.13.3 (from torch>=2.9.0)
  Downloading sympy-1.14.0-py3-none-any.whl.metadata (12 kB)
Collecting networkx>=2.5.1 (from torch>=2.9.0)
  Downloading networkx-3.6.1-py3-none-any.whl.metadata (6.8 kB)
Collecting jinja2 (from torch>=2.9.0)
  Downloading https://download.pytorch.org/whl/jinja2-3.1.6-py3-none-any.whl.metadata (2.9 kB)
Collecting fsspec>=0.8.5 (from torch>=2.9.0)
  Downloading fsspec-2026.2.0-py3-none-any.whl.metadata (10 kB)
Collecting mpmath<1.4,>=1.1.0 (from sympy>=1.13.3->torch>=2.9.0)
  Downloading mpmath-1.3.0-py3-none-any.whl.metadata (8.6 kB)
Collecting MarkupSafe>=2.0 (from jinja2->torch>=2.9.0)
  Downloading https://download.pytorch.org/whl/markupsafe-3.0.3-cp314-cp314-win_amd64.whl.metadata (2.8 kB)
Downloading https://download-r2.pytorch.org/whl/cpu/torch-2.11.0%2Bcpu-cp314-cp314-win_amd64.whl (116.4 MB)
   ---------------------------------------- 116.4/116.4 MB 39.2 MB/s  0:00:02
Downloading https://download.pytorch.org/whl/setuptools-70.2.0-py3-none-any.whl (930 kB)
   ---------------------------------------- 930.8/930.8 kB 12.1 MB/s  0:00:00
Downloading fsspec-2026.2.0-py3-none-any.whl (202 kB)
Downloading networkx-3.6.1-py3-none-any.whl (2.1 MB)
   ---------------------------------------- 2.1/2.1 MB 28.7 MB/s  0:00:00
Downloading sympy-1.14.0-py3-none-any.whl (6.3 MB)
   ---------------------------------------- 6.3/6.3 MB 22.7 MB/s  0:00:00
Downloading mpmath-1.3.0-py3-none-any.whl (536 kB)
   ---------------------------------------- 536.2/536.2 kB 10.9 MB/s  0:00:00
Downloading https://download.pytorch.org/whl/typing_extensions-4.15.0-py3-none-any.whl (44 kB)
Downloading filelock-3.25.2-py3-none-any.whl (26 kB)
Downloading https://download.pytorch.org/whl/jinja2-3.1.6-py3-none-any.whl (134 kB)
Downloading https://download.pytorch.org/whl/markupsafe-3.0.3-cp314-cp314-win_amd64.whl (15 kB)
Installing collected packages: mpmath, typing-extensions, sympy, setuptools, networkx, MarkupSafe, fsspec, filelock, jinja2, torch

Successfully installed MarkupSafe-3.0.3 filelock-3.25.2 fsspec-2026.2.0 jinja2-3.1.6 mpmath-1.3.0 networkx-3.6.1 setuptools-70.2.0 sympy-1.14.0 torch-2.11.0+cpu typing-extensions-4.15.0
Collecting fastapi==0.115.5 (from -r C:\DinamicaBudget\requirements.txt (line 2))
  Using cached fastapi-0.115.5-py3-none-any.whl.metadata (27 kB)
Collecting uvicorn==0.32.1 (from uvicorn[standard]==0.32.1->-r C:\DinamicaBudget\requirements.txt (line 3))
  Using cached uvicorn-0.32.1-py3-none-any.whl.metadata (6.6 kB)
Collecting python-multipart==0.0.12 (from -r C:\DinamicaBudget\requirements.txt (line 4))
  Using cached python_multipart-0.0.12-py3-none-any.whl.metadata (1.9 kB)
Collecting sqlalchemy==2.0.36 (from sqlalchemy[asyncio]==2.0.36->-r C:\DinamicaBudget\requirements.txt (line 7))
  Using cached SQLAlchemy-2.0.36-py3-none-any.whl.metadata (9.7 kB)
Collecting asyncpg==0.30.0 (from -r C:\DinamicaBudget\requirements.txt (line 8))
  Using cached asyncpg-0.30.0.tar.gz (957 kB)
  Installing build dependencies: started
  Installing build dependencies: finished with status 'done'
  Getting requirements to build wheel: started
  Getting requirements to build wheel: finished with status 'done'
  Preparing metadata (pyproject.toml): started
  Preparing metadata (pyproject.toml): finished with status 'done'
Collecting alembic==1.14.0 (from -r C:\DinamicaBudget\requirements.txt (line 9))
  Using cached alembic-1.14.0-py3-none-any.whl.metadata (7.4 kB)
Collecting pgvector==0.3.6 (from -r C:\DinamicaBudget\requirements.txt (line 10))
  Using cached pgvector-0.3.6-py3-none-any.whl.metadata (13 kB)
Collecting pydantic==2.10.3 (from -r C:\DinamicaBudget\requirements.txt (line 13))
  Using cached pydantic-2.10.3-py3-none-any.whl.metadata (172 kB)
Collecting pydantic-settings==2.6.1 (from -r C:\DinamicaBudget\requirements.txt (line 14))
  Using cached pydantic_settings-2.6.1-py3-none-any.whl.metadata (3.5 kB)
Collecting passlib==1.7.4 (from passlib[bcrypt]==1.7.4->-r C:\DinamicaBudget\requirements.txt (line 18))
  Using cached passlib-1.7.4-py2.py3-none-any.whl.metadata (1.7 kB)
Collecting bcrypt==4.0.1 (from -r C:\DinamicaBudget\requirements.txt (line 19))
  Using cached bcrypt-4.0.1-cp36-abi3-win_amd64.whl.metadata (9.0 kB)
Collecting python-jose==3.3.0 (from python-jose[cryptography]==3.3.0->-r C:\DinamicaBudget\requirements.txt (line 20))
  Using cached python_jose-3.3.0-py2.py3-none-any.whl.metadata (5.4 kB)
Collecting slowapi==0.1.9 (from -r C:\DinamicaBudget\requirements.txt (line 21))
  Using cached slowapi-0.1.9-py3-none-any.whl.metadata (3.0 kB)
Collecting sentence-transformers==3.3.1 (from -r C:\DinamicaBudget\requirements.txt (line 24))
  Using cached sentence_transformers-3.3.1-py3-none-any.whl.metadata (10 kB)
Requirement already satisfied: torch>=2.5.1 in C:\DinamicaBudget\venv\Lib\site-packages (from -r C:\DinamicaBudget\requirements.txt (line 25)) (2.11.0+cpu)
Collecting rapidfuzz==3.10.1 (from -r C:\DinamicaBudget\requirements.txt (line 28))
  Downloading rapidfuzz-3.10.1.tar.gz (58.0 MB)
     ---------------------------------------- 58.0/58.0 MB 2.8 MB/s  0:00:20
  Installing build dependencies: started
  Installing build dependencies: finished with status 'done'
  Getting requirements to build wheel: started
  Getting requirements to build wheel: finished with status 'done'
  Preparing metadata (pyproject.toml): started
  Preparing metadata (pyproject.toml): finished with status 'error'
  error: subprocess-exited-with-error
  
  Preparing metadata (pyproject.toml) did not run successfully.
  exit code: 1
  
  [40 lines of output]
    + Exception Group Traceback (most recent call last):
    |   File "C:\DinamicaBudget\venv\Lib\site-packages\pip\_vendor\pyproject_hooks\_in_process\_in_process.py", line 389, in <module>
    |     main()
    |     ~~~~^^
    |   File "C:\DinamicaBudget\venv\Lib\site-packages\pip\_vendor\pyproject_hooks\_in_process\_in_process.py", line 373, in main
    |     json_out["return_val"] = hook(**hook_input["kwargs"])
    |                              ~~~~^^^^^^^^^^^^^^^^^^^^^^^^
    |   File "C:\DinamicaBudget\venv\Lib\site-packages\pip\_vendor\pyproject_hooks\_in_process\_in_process.py", line 178, in prepare_metadata_for_build_wheel
    |     whl_basename = backend.build_wheel(metadata_directory, config_settings)
    |   File "C:\Users\easy\AppData\Local\Temp\pip-build-env-kwtkq4ne\overlay\Lib\site-packages\scikit_build_core\build\__init__.py", line 33, in build_wheel
    |     return _build_wheel_impl(
    |            ~~~~~~~~~~~~~~~~~^
    |         wheel_directory,
    |         ^^^^^^^^^^^^^^^^
    |     ...<2 lines>...
    |         editable=False,
    |         ^^^^^^^^^^^^^^^
    |     ).wheel_filename
    |     ^
    |   File "C:\Users\easy\AppData\Local\Temp\pip-build-env-kwtkq4ne\overlay\Lib\site-packages\scikit_build_core\build\wheel.py", line 177, in _build_wheel_impl
    |     return _build_wheel_impl_impl(
    |         wheel_directory,
    |     ...<5 lines>...
    |         pyproject=pyproject,
    |     )
    |   File "C:\Users\easy\AppData\Local\Temp\pip-build-env-kwtkq4ne\overlay\Lib\site-packages\scikit_build_core\build\wheel.py", line 234, in _build_wheel_impl_impl
    |     metadata = get_standard_metadata(pyproject, settings)
    |   File "C:\Users\easy\AppData\Local\Temp\pip-build-env-kwtkq4ne\overlay\Lib\site-packages\scikit_build_core\build\metadata.py", line 68, in get_standard_metadata
    |     metadata = StandardMetadata.from_pyproject(
    |         new_pyproject_dict, all_errors=True, allow_extra_keys=allow_extra_keys
    |     )
    |   File "C:\Users\easy\AppData\Local\Temp\pip-build-env-kwtkq4ne\overlay\Lib\site-packages\scikit_build_core\_vendor\pyproject_metadata\__init__.py", line 515, in from_pyproject
    |     error_collector.finalize("Failed to parse pyproject.toml")
    |     ~~~~~~~~~~~~~~~~~~~~~~~~^^^^^^^^^^^^^^^^^^^^^^^^^^^^^^^^^^
    |   File "C:\Users\easy\AppData\Local\Temp\pip-build-env-kwtkq4ne\overlay\Lib\site-packages\scikit_build_core\_vendor\pyproject_metadata\errors.py", line 105, in finalize
    |     raise ExceptionGroup(msg, self.errors)
    | ExceptionGroup: Failed to parse pyproject.toml (1 sub-exception)
    +-+---------------- 1 ----------------
      | scikit_build_core._vendor.pyproject_metadata.errors.ConfigurationError: Extra keys present in "project": 'Changelog', 'Documentation', 'Homepage', 'Issues', 'Repository'
      +------------------------------------
  [end of output]
  
  note: This error originates from a subprocess, and is likely not a problem with pip.
error: metadata-generation-failed

Encountered error while generating package metadata.

rapidfuzz

note: This is an issue with the package mentioned above, not pip.
hint: See above for details.
[14/04/2026 19:04:29,04] [WARN] pip install falhou. Tentando com torch generico sem versao fixada...
Looking in indexes: https://download.pytorch.org/whl/cpu
Requirement already satisfied: torch in C:\DinamicaBudget\venv\Lib\site-packages (2.11.0+cpu)
Requirement already satisfied: filelock in C:\DinamicaBudget\venv\Lib\site-packages (from torch) (3.25.2)
Requirement already satisfied: typing-extensions>=4.10.0 in C:\DinamicaBudget\venv\Lib\site-packages (from torch) (4.15.0)
Requirement already satisfied: setuptools<82 in C:\DinamicaBudget\venv\Lib\site-packages (from torch) (70.2.0)
Requirement already satisfied: sympy>=1.13.3 in C:\DinamicaBudget\venv\Lib\site-packages (from torch) (1.14.0)
Requirement already satisfied: networkx>=2.5.1 in C:\DinamicaBudget\venv\Lib\site-packages (from torch) (3.6.1)
Requirement already satisfied: jinja2 in C:\DinamicaBudget\venv\Lib\site-packages (from torch) (3.1.6)
Requirement already satisfied: fsspec>=0.8.5 in C:\DinamicaBudget\venv\Lib\site-packages (from torch) (2026.2.0)
Requirement already satisfied: mpmath<1.4,>=1.1.0 in C:\DinamicaBudget\venv\Lib\site-packages (from sympy>=1.13.3->torch) (1.3.0)
Requirement already satisfied: MarkupSafe>=2.0 in C:\DinamicaBudget\venv\Lib\site-packages (from jinja2->torch) (3.0.3)
Collecting fastapi==0.115.5 (from -r C:\DinamicaBudget\requirements.txt (line 2))
  Using cached fastapi-0.115.5-py3-none-any.whl.metadata (27 kB)
Collecting uvicorn==0.32.1 (from uvicorn[standard]==0.32.1->-r C:\DinamicaBudget\requirements.txt (line 3))
  Using cached uvicorn-0.32.1-py3-none-any.whl.metadata (6.6 kB)
Collecting python-multipart==0.0.12 (from -r C:\DinamicaBudget\requirements.txt (line 4))
  Using cached python_multipart-0.0.12-py3-none-any.whl.metadata (1.9 kB)
Collecting sqlalchemy==2.0.36 (from sqlalchemy[asyncio]==2.0.36->-r C:\DinamicaBudget\requirements.txt (line 7))
  Using cached SQLAlchemy-2.0.36-py3-none-any.whl.metadata (9.7 kB)
Collecting asyncpg==0.30.0 (from -r C:\DinamicaBudget\requirements.txt (line 8))
  Using cached asyncpg-0.30.0.tar.gz (957 kB)
  Installing build dependencies: started
  Installing build dependencies: finished with status 'done'
  Getting requirements to build wheel: started
  Getting requirements to build wheel: finished with status 'done'
  Preparing metadata (pyproject.toml): started
  Preparing metadata (pyproject.toml): finished with status 'done'
Collecting alembic==1.14.0 (from -r C:\DinamicaBudget\requirements.txt (line 9))
  Using cached alembic-1.14.0-py3-none-any.whl.metadata (7.4 kB)
Collecting pgvector==0.3.6 (from -r C:\DinamicaBudget\requirements.txt (line 10))
  Using cached pgvector-0.3.6-py3-none-any.whl.metadata (13 kB)
Collecting pydantic==2.10.3 (from -r C:\DinamicaBudget\requirements.txt (line 13))
  Using cached pydantic-2.10.3-py3-none-any.whl.metadata (172 kB)
Collecting pydantic-settings==2.6.1 (from -r C:\DinamicaBudget\requirements.txt (line 14))
  Using cached pydantic_settings-2.6.1-py3-none-any.whl.metadata (3.5 kB)
Collecting passlib==1.7.4 (from passlib[bcrypt]==1.7.4->-r C:\DinamicaBudget\requirements.txt (line 18))
  Using cached passlib-1.7.4-py2.py3-none-any.whl.metadata (1.7 kB)
Collecting bcrypt==4.0.1 (from -r C:\DinamicaBudget\requirements.txt (line 19))
  Using cached bcrypt-4.0.1-cp36-abi3-win_amd64.whl.metadata (9.0 kB)
Collecting python-jose==3.3.0 (from python-jose[cryptography]==3.3.0->-r C:\DinamicaBudget\requirements.txt (line 20))
  Using cached python_jose-3.3.0-py2.py3-none-any.whl.metadata (5.4 kB)
Collecting slowapi==0.1.9 (from -r C:\DinamicaBudget\requirements.txt (line 21))
  Using cached slowapi-0.1.9-py3-none-any.whl.metadata (3.0 kB)
Collecting sentence-transformers==3.3.1 (from -r C:\DinamicaBudget\requirements.txt (line 24))
  Using cached sentence_transformers-3.3.1-py3-none-any.whl.metadata (10 kB)
Requirement already satisfied: torch>=2.5.1 in C:\DinamicaBudget\venv\Lib\site-packages (from -r C:\DinamicaBudget\requirements.txt (line 25)) (2.11.0+cpu)
Collecting rapidfuzz==3.10.1 (from -r C:\DinamicaBudget\requirements.txt (line 28))
  Using cached rapidfuzz-3.10.1.tar.gz (58.0 MB)
  Installing build dependencies: started
  Installing build dependencies: finished with status 'done'
  Getting requirements to build wheel: started
  Getting requirements to build wheel: finished with status 'done'
  Preparing metadata (pyproject.toml): started
  Preparing metadata (pyproject.toml): finished with status 'error'
  error: subprocess-exited-with-error
  
  Preparing metadata (pyproject.toml) did not run successfully.
  exit code: 1
  
  [40 lines of output]
    + Exception Group Traceback (most recent call last):
    |   File "C:\DinamicaBudget\venv\Lib\site-packages\pip\_vendor\pyproject_hooks\_in_process\_in_process.py", line 389, in <module>
    |     main()
    |     ~~~~^^
    |   File "C:\DinamicaBudget\venv\Lib\site-packages\pip\_vendor\pyproject_hooks\_in_process\_in_process.py", line 373, in main
    |     json_out["return_val"] = hook(**hook_input["kwargs"])
    |                              ~~~~^^^^^^^^^^^^^^^^^^^^^^^^
    |   File "C:\DinamicaBudget\venv\Lib\site-packages\pip\_vendor\pyproject_hooks\_in_process\_in_process.py", line 178, in prepare_metadata_for_build_wheel
    |     whl_basename = backend.build_wheel(metadata_directory, config_settings)
    |   File "C:\Users\easy\AppData\Local\Temp\pip-build-env-1gthr9zz\overlay\Lib\site-packages\scikit_build_core\build\__init__.py", line 33, in build_wheel
    |     return _build_wheel_impl(
    |            ~~~~~~~~~~~~~~~~~^
    |         wheel_directory,
    |         ^^^^^^^^^^^^^^^^
    |     ...<2 lines>...
    |         editable=False,
    |         ^^^^^^^^^^^^^^^
    |     ).wheel_filename
    |     ^
    |   File "C:\Users\easy\AppData\Local\Temp\pip-build-env-1gthr9zz\overlay\Lib\site-packages\scikit_build_core\build\wheel.py", line 177, in _build_wheel_impl
    |     return _build_wheel_impl_impl(
    |         wheel_directory,
    |     ...<5 lines>...
    |         pyproject=pyproject,
    |     )
    |   File "C:\Users\easy\AppData\Local\Temp\pip-build-env-1gthr9zz\overlay\Lib\site-packages\scikit_build_core\build\wheel.py", line 234, in _build_wheel_impl_impl
    |     metadata = get_standard_metadata(pyproject, settings)
    |   File "C:\Users\easy\AppData\Local\Temp\pip-build-env-1gthr9zz\overlay\Lib\site-packages\scikit_build_core\build\metadata.py", line 68, in get_standard_metadata
    |     metadata = StandardMetadata.from_pyproject(
    |         new_pyproject_dict, all_errors=True, allow_extra_keys=allow_extra_keys
    |     )
    |   File "C:\Users\easy\AppData\Local\Temp\pip-build-env-1gthr9zz\overlay\Lib\site-packages\scikit_build_core\_vendor\pyproject_metadata\__init__.py", line 515, in from_pyproject
    |     error_collector.finalize("Failed to parse pyproject.toml")
    |     ~~~~~~~~~~~~~~~~~~~~~~~~^^^^^^^^^^^^^^^^^^^^^^^^^^^^^^^^^^
    |   File "C:\Users\easy\AppData\Local\Temp\pip-build-env-1gthr9zz\overlay\Lib\site-packages\scikit_build_core\_vendor\pyproject_metadata\errors.py", line 105, in finalize
    |     raise ExceptionGroup(msg, self.errors)
    | ExceptionGroup: Failed to parse pyproject.toml (1 sub-exception)
    +-+---------------- 1 ----------------
      | scikit_build_core._vendor.pyproject_metadata.errors.ConfigurationError: Extra keys present in "project": 'Changelog', 'Documentation', 'Homepage', 'Issues', 'Repository'
      +------------------------------------
  [end of output]
  
  note: This error originates from a subprocess, and is likely not a problem with pip.
error: metadata-generation-failed

Encountered error while generating package metadata.

rapidfuzz

note: This is an issue with the package mentioned above, not pip.
hint: See above for details.
[FAIL] pip install requirements.txt falhou
