═══ DINAMICA BUDGET — INSTALADOR NATIVO v2.0
Inicio: 14/04/2026 19:55:24,54
Origem: C:\Dinamica-Budget
Destino: C:\DinamicaBudget
[14/04/2026 19:55:24,55] [INFO] Origem:  C:\Dinamica-Budget
[14/04/2026 19:55:24,56] [INFO] Destino: C:\DinamicaBudget
[14/04/2026 19:55:24,56] [INFO] Log:     C:\Dinamica-Budget\logs\deploy-20260414_195524.log
[14/04/2026 19:55:24,57] [ETAPA 0/11] Verificacao de pre-requisitos
[14/04/2026 19:55:24,60] [OK] Executando como Administrador
[14/04/2026 19:55:24,64] [OK] Windows Server 2022 (Build 20348)
[14/04/2026 19:55:24,86] [WARN] Python 3.14.4 incompativel. Desinstalando e instalando Python 3.12.x...
[14/04/2026 19:55:25,49] [INFO] Versao anterior desinstalada.
[14/04/2026 19:55:25,50] [INFO] Baixando Python 3.12.10 (~25MB)...
[14/04/2026 19:55:39,12] [INFO] Instalando Python 3.12.10 (silencioso)...
[14/04/2026 19:55:57,61] [INFO] Removendo venv antigo incompativel com nova versao do Python...
[14/04/2026 19:56:00,87] [OK] Python 3.12.10 instalado com sucesso
[14/04/2026 19:56:00,91] [OK] pip disponivel
[14/04/2026 19:56:01,01] [OK] Node.js v20.3.1
[14/04/2026 19:56:01,06] [OK] npm disponivel
[14/04/2026 19:56:01,10] [OK] NSSM disponivel no PATH
[14/04/2026 19:56:01,11] [INFO] Verificando IIS...
[14/04/2026 19:56:01,11] [OK] IIS instalado
[14/04/2026 19:56:01,12] [OK] URL Rewrite 2.1 disponivel
[14/04/2026 19:56:01,12] [INFO] ARR 3.0 ausente. Instalando automaticamente...
'powershell' não é reconhecido como um comando interno
ou externo, um programa operável ou um arquivo em lotes.
[14/04/2026 19:56:01,18] [WARN] ARR 3.0 instalacao automatica falhou. Reverse proxy nao funcionara.
[14/04/2026 19:56:01,18] [PEND] Instalar ARR 3.0 manualmente: https://www.iis.net/downloads/microsoft/application-request-routing
[14/04/2026 19:56:01,19] [INFO] Entrando no check do PostgreSQL...
[14/04/2026 19:56:01,24] [INFO] PostgreSQL nao encontrado. Baixando PostgreSQL 16 (~300MB)...
[14/04/2026 19:56:01,28] [INFO] Baixando instalador EDB PostgreSQL 16...
'powershell' não é reconhecido como um comando interno
ou externo, um programa operável ou um arquivo em lotes.
'powershell' não é reconhecido como um comando interno
ou externo, um programa operável ou um arquivo em lotes.
[14/04/2026 19:56:01,32] [WARN] Download do PostgreSQL falhou. Verifique conexao com internet.
[14/04/2026 19:56:01,33] [WARN] PostgreSQL nao instalado. Etapas de banco serao puladas.
[14/04/2026 19:56:01,34] [PEND] Instalar PostgreSQL 16: https://www.enterprisedb.com/downloads/postgres-postgresql-downloads
[14/04/2026 19:56:01,40] [OK] Arquivos de origem validados
[14/04/2026 19:56:01,41] [INFO] Modo: INSTALACAO INICIAL
[14/04/2026 19:56:01,42] [ETAPA 1/11] Sincronizar arquivos do projeto

-------------------------------------------------------------------------------
   ROBOCOPY     ::     Robust File Copy para Windows                              
-------------------------------------------------------------------------------

  Iniciado: terça-feira, 14 de abril de 2026 19:56:01
   Origem : C:\Dinamica-Budget\
     Destino : C:\DinamicaBudget\

    Arquivos: *.*
	    
 Diretórios Exc: .git
	    node_modules
	    venv
	    .venv
	    logs
	    output
	    __pycache__
	    .mypy_cache
	    .pytest_cache
	    
  Opções: *.* /NDL /NFL /S /E /DCOPY:DA /COPY:DAT /PURGE /MIR /NP /R:2 /W:2 

------------------------------------------------------------------------------


------------------------------------------------------------------------------

               Total   Copiada  IgnoradaIncompatibilidade     FALHA    Extras
Diretórios:       118         0       118         0         0         0
 Arquivos:       605         1       604         0         0         0
    Bytes:    7.36 m    54.1 k    7.31 m         0         0         0
N.º de Vezes:   0:00:00   0:00:00                       0:00:00   0:00:00


Velocidade:           55.456.000 Bytes/s.
Velocidade:             3173,218 MegaBytes/min.
   Finalizado em: terça-feira, 14 de abril de 2026 19:56:01

[14/04/2026 19:56:01,46] [OK] Projeto sincronizado para C:\DinamicaBudget
[14/04/2026 19:56:01,48] [ETAPA 2/11] Ambiente virtual Python e dependencias
[14/04/2026 19:56:01,49] [INFO] Criando ambiente virtual...
[14/04/2026 19:56:07,51] [OK] Ambiente virtual criado
[14/04/2026 19:56:07,51] [INFO] Atualizando pip...
Requirement already satisfied: pip in c:\dinamicabudget\venv\lib\site-packages (25.0.1)
Collecting pip
  Downloading pip-26.0.1-py3-none-any.whl.metadata (4.7 kB)
Downloading pip-26.0.1-py3-none-any.whl (1.8 MB)
   ---------------------------------------- 1.8/1.8 MB 24.2 MB/s eta 0:00:00
Installing collected packages: pip
  Attempting uninstall: pip
    Found existing installation: pip 25.0.1
    Uninstalling pip-25.0.1:
      Successfully uninstalled pip-25.0.1
Successfully installed pip-26.0.1
[14/04/2026 19:56:13,81] [INFO] Instalando torch CPU para Python 3.12.10...
Looking in indexes: https://download.pytorch.org/whl/cpu
Collecting torch>=2.5.1
  Downloading https://download-r2.pytorch.org/whl/cpu/torch-2.11.0%2Bcpu-cp312-cp312-win_amd64.whl.metadata (29 kB)
Collecting filelock (from torch>=2.5.1)
  Using cached filelock-3.25.2-py3-none-any.whl.metadata (2.0 kB)
Collecting typing-extensions>=4.10.0 (from torch>=2.5.1)
  Using cached https://download.pytorch.org/whl/typing_extensions-4.15.0-py3-none-any.whl.metadata (3.3 kB)
Collecting setuptools<82 (from torch>=2.5.1)
  Using cached https://download.pytorch.org/whl/setuptools-70.2.0-py3-none-any.whl.metadata (5.8 kB)
Collecting sympy>=1.13.3 (from torch>=2.5.1)
  Using cached sympy-1.14.0-py3-none-any.whl.metadata (12 kB)
Collecting networkx>=2.5.1 (from torch>=2.5.1)
  Using cached networkx-3.6.1-py3-none-any.whl.metadata (6.8 kB)
Collecting jinja2 (from torch>=2.5.1)
  Using cached https://download.pytorch.org/whl/jinja2-3.1.6-py3-none-any.whl.metadata (2.9 kB)
Collecting fsspec>=0.8.5 (from torch>=2.5.1)
  Using cached fsspec-2026.2.0-py3-none-any.whl.metadata (10 kB)
Collecting mpmath<1.4,>=1.1.0 (from sympy>=1.13.3->torch>=2.5.1)
  Using cached mpmath-1.3.0-py3-none-any.whl.metadata (8.6 kB)
Collecting MarkupSafe>=2.0 (from jinja2->torch>=2.5.1)
  Downloading https://download.pytorch.org/whl/markupsafe-3.0.3-cp312-cp312-win_amd64.whl.metadata (2.8 kB)
Downloading https://download-r2.pytorch.org/whl/cpu/torch-2.11.0%2Bcpu-cp312-cp312-win_amd64.whl (114.5 MB)
   ---------------------------------------- 114.5/114.5 MB 35.5 MB/s  0:00:03
Using cached https://download.pytorch.org/whl/setuptools-70.2.0-py3-none-any.whl (930 kB)
Using cached fsspec-2026.2.0-py3-none-any.whl (202 kB)
Using cached networkx-3.6.1-py3-none-any.whl (2.1 MB)
Using cached sympy-1.14.0-py3-none-any.whl (6.3 MB)
Using cached mpmath-1.3.0-py3-none-any.whl (536 kB)
Using cached https://download.pytorch.org/whl/typing_extensions-4.15.0-py3-none-any.whl (44 kB)
Using cached filelock-3.25.2-py3-none-any.whl (26 kB)
Using cached https://download.pytorch.org/whl/jinja2-3.1.6-py3-none-any.whl (134 kB)
Downloading https://download.pytorch.org/whl/markupsafe-3.0.3-cp312-cp312-win_amd64.whl (15 kB)
Installing collected packages: mpmath, typing-extensions, sympy, setuptools, networkx, MarkupSafe, fsspec, filelock, jinja2, torch

Successfully installed MarkupSafe-3.0.3 filelock-3.25.2 fsspec-2026.2.0 jinja2-3.1.6 mpmath-1.3.0 networkx-3.6.1 setuptools-70.2.0 sympy-1.14.0 torch-2.11.0+cpu typing-extensions-4.15.0
[14/04/2026 19:57:31,51] [INFO] Instalando dependencias Python (pode levar 5-10 min na 1a vez)...
Collecting fastapi==0.115.5
  Using cached fastapi-0.115.5-py3-none-any.whl.metadata (27 kB)
Collecting uvicorn==0.32.1 (from uvicorn[standard]==0.32.1)
  Using cached uvicorn-0.32.1-py3-none-any.whl.metadata (6.6 kB)
Collecting python-multipart==0.0.12
  Using cached python_multipart-0.0.12-py3-none-any.whl.metadata (1.9 kB)
Collecting sqlalchemy==2.0.36 (from sqlalchemy[asyncio]==2.0.36)
  Downloading SQLAlchemy-2.0.36-cp312-cp312-win_amd64.whl.metadata (9.9 kB)
Collecting alembic==1.14.0
  Using cached alembic-1.14.0-py3-none-any.whl.metadata (7.4 kB)
Collecting pgvector==0.3.6
  Using cached pgvector-0.3.6-py3-none-any.whl.metadata (13 kB)
Collecting pydantic==2.10.3
  Using cached pydantic-2.10.3-py3-none-any.whl.metadata (172 kB)
Collecting pydantic-settings==2.6.1
  Using cached pydantic_settings-2.6.1-py3-none-any.whl.metadata (3.5 kB)
Collecting passlib==1.7.4 (from passlib[bcrypt]==1.7.4)
  Using cached passlib-1.7.4-py2.py3-none-any.whl.metadata (1.7 kB)
Collecting bcrypt==4.0.1
  Using cached bcrypt-4.0.1-cp36-abi3-win_amd64.whl.metadata (9.0 kB)
Collecting python-jose==3.3.0 (from python-jose[cryptography]==3.3.0)
  Using cached python_jose-3.3.0-py2.py3-none-any.whl.metadata (5.4 kB)
Collecting slowapi==0.1.9
  Using cached slowapi-0.1.9-py3-none-any.whl.metadata (3.0 kB)
Collecting sentence-transformers==3.3.1
  Using cached sentence_transformers-3.3.1-py3-none-any.whl.metadata (10 kB)
Collecting structlog==24.4.0
  Downloading structlog-24.4.0-py3-none-any.whl.metadata (7.3 kB)
Collecting python-dotenv==1.0.1
  Downloading python_dotenv-1.0.1-py3-none-any.whl.metadata (23 kB)
Collecting pytest==8.3.4
  Downloading pytest-8.3.4-py3-none-any.whl.metadata (7.5 kB)
Collecting pytest-asyncio==0.24.0
  Downloading pytest_asyncio-0.24.0-py3-none-any.whl.metadata (3.9 kB)
Collecting httpx==0.28.1
  Downloading httpx-0.28.1-py3-none-any.whl.metadata (7.1 kB)
Collecting pytest-cov==6.0.0
  Downloading pytest_cov-6.0.0-py3-none-any.whl.metadata (27 kB)
Collecting starlette<0.42.0,>=0.40.0 (from fastapi==0.115.5)
  Downloading starlette-0.41.3-py3-none-any.whl.metadata (6.0 kB)
Requirement already satisfied: typing-extensions>=4.8.0 in C:\DinamicaBudget\venv\Lib\site-packages (from fastapi==0.115.5) (4.15.0)
Collecting annotated-types>=0.6.0 (from pydantic==2.10.3)
  Downloading annotated_types-0.7.0-py3-none-any.whl.metadata (15 kB)
Collecting pydantic-core==2.27.1 (from pydantic==2.10.3)
  Downloading pydantic_core-2.27.1-cp312-none-win_amd64.whl.metadata (6.7 kB)
Collecting click>=7.0 (from uvicorn==0.32.1->uvicorn[standard]==0.32.1)
  Downloading click-8.3.2-py3-none-any.whl.metadata (2.6 kB)
Collecting h11>=0.8 (from uvicorn==0.32.1->uvicorn[standard]==0.32.1)
  Downloading h11-0.16.0-py3-none-any.whl.metadata (8.3 kB)
Collecting greenlet!=0.4.17 (from sqlalchemy==2.0.36->sqlalchemy[asyncio]==2.0.36)
  Downloading greenlet-3.4.0-cp312-cp312-win_amd64.whl.metadata (3.8 kB)
Collecting Mako (from alembic==1.14.0)
  Downloading mako-1.3.11-py3-none-any.whl.metadata (2.9 kB)
Collecting numpy (from pgvector==0.3.6)
  Downloading numpy-2.4.4-cp312-cp312-win_amd64.whl.metadata (6.6 kB)
Collecting ecdsa!=0.15 (from python-jose==3.3.0->python-jose[cryptography]==3.3.0)
  Downloading ecdsa-0.19.2-py2.py3-none-any.whl.metadata (29 kB)
Collecting rsa (from python-jose==3.3.0->python-jose[cryptography]==3.3.0)
  Downloading rsa-4.9.1-py3-none-any.whl.metadata (5.6 kB)
Collecting pyasn1 (from python-jose==3.3.0->python-jose[cryptography]==3.3.0)
  Downloading pyasn1-0.6.3-py3-none-any.whl.metadata (8.4 kB)
Collecting limits>=2.3 (from slowapi==0.1.9)
  Downloading limits-5.8.0-py3-none-any.whl.metadata (10 kB)
Collecting transformers<5.0.0,>=4.41.0 (from sentence-transformers==3.3.1)
  Downloading transformers-4.57.6-py3-none-any.whl.metadata (43 kB)
Collecting tqdm (from sentence-transformers==3.3.1)
  Downloading tqdm-4.67.3-py3-none-any.whl.metadata (57 kB)
Requirement already satisfied: torch>=1.11.0 in C:\DinamicaBudget\venv\Lib\site-packages (from sentence-transformers==3.3.1) (2.11.0+cpu)
Collecting scikit-learn (from sentence-transformers==3.3.1)
  Downloading scikit_learn-1.8.0-cp312-cp312-win_amd64.whl.metadata (11 kB)
Collecting scipy (from sentence-transformers==3.3.1)
  Downloading scipy-1.17.1-cp312-cp312-win_amd64.whl.metadata (60 kB)
Collecting huggingface-hub>=0.20.0 (from sentence-transformers==3.3.1)
  Downloading huggingface_hub-1.10.2-py3-none-any.whl.metadata (14 kB)
Collecting Pillow (from sentence-transformers==3.3.1)
  Downloading pillow-12.2.0-cp312-cp312-win_amd64.whl.metadata (9.0 kB)
Collecting colorama (from pytest==8.3.4)
  Downloading colorama-0.4.6-py2.py3-none-any.whl.metadata (17 kB)
Collecting iniconfig (from pytest==8.3.4)
  Downloading iniconfig-2.3.0-py3-none-any.whl.metadata (2.5 kB)
Collecting packaging (from pytest==8.3.4)
  Using cached packaging-26.1-py3-none-any.whl.metadata (3.5 kB)
Collecting pluggy<2,>=1.5 (from pytest==8.3.4)
  Downloading pluggy-1.6.0-py3-none-any.whl.metadata (4.8 kB)
Collecting anyio (from httpx==0.28.1)
  Downloading anyio-4.13.0-py3-none-any.whl.metadata (4.5 kB)
Collecting certifi (from httpx==0.28.1)
  Downloading certifi-2026.2.25-py3-none-any.whl.metadata (2.5 kB)
Collecting httpcore==1.* (from httpx==0.28.1)
  Downloading httpcore-1.0.9-py3-none-any.whl.metadata (21 kB)
Collecting idna (from httpx==0.28.1)
  Downloading idna-3.11-py3-none-any.whl.metadata (8.4 kB)
Collecting coverage>=7.5 (from coverage[toml]>=7.5->pytest-cov==6.0.0)
  Downloading coverage-7.13.5-cp312-cp312-win_amd64.whl.metadata (8.7 kB)
Collecting email-validator>=2.0.0 (from pydantic[email]==2.10.3)
  Downloading email_validator-2.3.0-py3-none-any.whl.metadata (26 kB)
Collecting cryptography>=3.4.0 (from python-jose[cryptography]==3.3.0)
  Downloading cryptography-46.0.7-cp311-abi3-win_amd64.whl.metadata (5.7 kB)
Collecting httptools>=0.6.3 (from uvicorn[standard]==0.32.1)
  Downloading httptools-0.7.1-cp312-cp312-win_amd64.whl.metadata (3.6 kB)
Collecting pyyaml>=5.1 (from uvicorn[standard]==0.32.1)
  Downloading pyyaml-6.0.3-cp312-cp312-win_amd64.whl.metadata (2.4 kB)
Collecting watchfiles>=0.13 (from uvicorn[standard]==0.32.1)
  Downloading watchfiles-1.1.1-cp312-cp312-win_amd64.whl.metadata (5.0 kB)
Collecting websockets>=10.4 (from uvicorn[standard]==0.32.1)
  Downloading websockets-16.0-cp312-cp312-win_amd64.whl.metadata (7.0 kB)
Requirement already satisfied: filelock in C:\DinamicaBudget\venv\Lib\site-packages (from transformers<5.0.0,>=4.41.0->sentence-transformers==3.3.1) (3.25.2)
Collecting huggingface-hub>=0.20.0 (from sentence-transformers==3.3.1)
  Downloading huggingface_hub-0.36.2-py3-none-any.whl.metadata (15 kB)
Collecting regex!=2019.12.17 (from transformers<5.0.0,>=4.41.0->sentence-transformers==3.3.1)
  Downloading regex-2026.4.4-cp312-cp312-win_amd64.whl.metadata (41 kB)
Collecting requests (from transformers<5.0.0,>=4.41.0->sentence-transformers==3.3.1)
  Downloading requests-2.33.1-py3-none-any.whl.metadata (4.8 kB)
Collecting tokenizers<=0.23.0,>=0.22.0 (from transformers<5.0.0,>=4.41.0->sentence-transformers==3.3.1)
  Downloading tokenizers-0.22.2-cp39-abi3-win_amd64.whl.metadata (7.4 kB)
Collecting safetensors>=0.4.3 (from transformers<5.0.0,>=4.41.0->sentence-transformers==3.3.1)
  Downloading safetensors-0.7.0-cp38-abi3-win_amd64.whl.metadata (4.2 kB)
Requirement already satisfied: fsspec>=2023.5.0 in C:\DinamicaBudget\venv\Lib\site-packages (from huggingface-hub>=0.20.0->sentence-transformers==3.3.1) (2026.2.0)
Collecting cffi>=2.0.0 (from cryptography>=3.4.0->python-jose[cryptography]==3.3.0)
  Downloading cffi-2.0.0-cp312-cp312-win_amd64.whl.metadata (2.6 kB)
Collecting pycparser (from cffi>=2.0.0->cryptography>=3.4.0->python-jose[cryptography]==3.3.0)
  Downloading pycparser-3.0-py3-none-any.whl.metadata (8.2 kB)
Collecting six>=1.9.0 (from ecdsa!=0.15->python-jose==3.3.0->python-jose[cryptography]==3.3.0)
  Downloading six-1.17.0-py2.py3-none-any.whl.metadata (1.7 kB)
Collecting dnspython>=2.0.0 (from email-validator>=2.0.0->pydantic[email]==2.10.3)
  Downloading dnspython-2.8.0-py3-none-any.whl.metadata (5.7 kB)
Collecting deprecated>=1.2 (from limits>=2.3->slowapi==0.1.9)
  Downloading deprecated-1.3.1-py2.py3-none-any.whl.metadata (5.9 kB)
Collecting wrapt<3,>=1.10 (from deprecated>=1.2->limits>=2.3->slowapi==0.1.9)
  Downloading wrapt-2.1.2-cp312-cp312-win_amd64.whl.metadata (7.6 kB)
Requirement already satisfied: setuptools<82 in C:\DinamicaBudget\venv\Lib\site-packages (from torch>=1.11.0->sentence-transformers==3.3.1) (70.2.0)
Requirement already satisfied: sympy>=1.13.3 in C:\DinamicaBudget\venv\Lib\site-packages (from torch>=1.11.0->sentence-transformers==3.3.1) (1.14.0)
Requirement already satisfied: networkx>=2.5.1 in C:\DinamicaBudget\venv\Lib\site-packages (from torch>=1.11.0->sentence-transformers==3.3.1) (3.6.1)
Requirement already satisfied: jinja2 in C:\DinamicaBudget\venv\Lib\site-packages (from torch>=1.11.0->sentence-transformers==3.3.1) (3.1.6)
Requirement already satisfied: mpmath<1.4,>=1.1.0 in C:\DinamicaBudget\venv\Lib\site-packages (from sympy>=1.13.3->torch>=1.11.0->sentence-transformers==3.3.1) (1.3.0)
Requirement already satisfied: MarkupSafe>=2.0 in C:\DinamicaBudget\venv\Lib\site-packages (from jinja2->torch>=1.11.0->sentence-transformers==3.3.1) (3.0.3)
Collecting charset_normalizer<4,>=2 (from requests->transformers<5.0.0,>=4.41.0->sentence-transformers==3.3.1)
  Downloading charset_normalizer-3.4.7-cp312-cp312-win_amd64.whl.metadata (41 kB)
Collecting urllib3<3,>=1.26 (from requests->transformers<5.0.0,>=4.41.0->sentence-transformers==3.3.1)
  Downloading urllib3-2.6.3-py3-none-any.whl.metadata (6.9 kB)
Collecting joblib>=1.3.0 (from scikit-learn->sentence-transformers==3.3.1)
  Downloading joblib-1.5.3-py3-none-any.whl.metadata (5.5 kB)
Collecting threadpoolctl>=3.2.0 (from scikit-learn->sentence-transformers==3.3.1)
  Downloading threadpoolctl-3.6.0-py3-none-any.whl.metadata (13 kB)
Downloading fastapi-0.115.5-py3-none-any.whl (94 kB)
Downloading pydantic-2.10.3-py3-none-any.whl (456 kB)
Downloading uvicorn-0.32.1-py3-none-any.whl (63 kB)
Downloading python_multipart-0.0.12-py3-none-any.whl (23 kB)
Downloading SQLAlchemy-2.0.36-cp312-cp312-win_amd64.whl (2.1 MB)
   ---------------------------------------- 2.1/2.1 MB 7.3 MB/s  0:00:00
Downloading alembic-1.14.0-py3-none-any.whl (233 kB)
Downloading pgvector-0.3.6-py3-none-any.whl (24 kB)
Downloading pydantic_settings-2.6.1-py3-none-any.whl (28 kB)
Downloading passlib-1.7.4-py2.py3-none-any.whl (525 kB)
   ---------------------------------------- 525.6/525.6 kB 5.6 MB/s  0:00:00
Downloading bcrypt-4.0.1-cp36-abi3-win_amd64.whl (152 kB)
Downloading python_jose-3.3.0-py2.py3-none-any.whl (33 kB)
Downloading slowapi-0.1.9-py3-none-any.whl (14 kB)
Downloading sentence_transformers-3.3.1-py3-none-any.whl (268 kB)
Downloading structlog-24.4.0-py3-none-any.whl (67 kB)
Downloading python_dotenv-1.0.1-py3-none-any.whl (19 kB)
Downloading pytest-8.3.4-py3-none-any.whl (343 kB)
Downloading pytest_asyncio-0.24.0-py3-none-any.whl (18 kB)
Downloading httpx-0.28.1-py3-none-any.whl (73 kB)
Downloading pytest_cov-6.0.0-py3-none-any.whl (22 kB)
Downloading pydantic_core-2.27.1-cp312-none-win_amd64.whl (2.0 MB)
   ---------------------------------------- 2.0/2.0 MB 7.4 MB/s  0:00:00
Downloading httpcore-1.0.9-py3-none-any.whl (78 kB)
Downloading pluggy-1.6.0-py3-none-any.whl (20 kB)
Downloading starlette-0.41.3-py3-none-any.whl (73 kB)
Downloading anyio-4.13.0-py3-none-any.whl (114 kB)
Downloading transformers-4.57.6-py3-none-any.whl (12.0 MB)
   ---------------------------------------- 12.0/12.0 MB 3.4 MB/s  0:00:03
Downloading huggingface_hub-0.36.2-py3-none-any.whl (566 kB)
   ---------------------------------------- 566.4/566.4 kB 4.9 MB/s  0:00:00
Downloading tokenizers-0.22.2-cp39-abi3-win_amd64.whl (2.7 MB)
   ---------------------------------------- 2.7/2.7 MB 3.2 MB/s  0:00:00
Downloading annotated_types-0.7.0-py3-none-any.whl (13 kB)
Downloading click-8.3.2-py3-none-any.whl (108 kB)
Downloading colorama-0.4.6-py2.py3-none-any.whl (25 kB)
Downloading coverage-7.13.5-cp312-cp312-win_amd64.whl (222 kB)
Downloading cryptography-46.0.7-cp311-abi3-win_amd64.whl (3.5 MB)
   ---------------------------------------- 3.5/3.5 MB 2.4 MB/s  0:00:01
Downloading cffi-2.0.0-cp312-cp312-win_amd64.whl (183 kB)
Downloading ecdsa-0.19.2-py2.py3-none-any.whl (150 kB)
Downloading email_validator-2.3.0-py3-none-any.whl (35 kB)
Downloading dnspython-2.8.0-py3-none-any.whl (331 kB)
Downloading greenlet-3.4.0-cp312-cp312-win_amd64.whl (238 kB)
Downloading h11-0.16.0-py3-none-any.whl (37 kB)
Downloading httptools-0.7.1-cp312-cp312-win_amd64.whl (86 kB)
Downloading idna-3.11-py3-none-any.whl (71 kB)
Downloading limits-5.8.0-py3-none-any.whl (60 kB)
Downloading deprecated-1.3.1-py2.py3-none-any.whl (11 kB)
Downloading wrapt-2.1.2-cp312-cp312-win_amd64.whl (60 kB)
Downloading numpy-2.4.4-cp312-cp312-win_amd64.whl (12.3 MB)
   ---------------------------------------- 12.3/12.3 MB 3.0 MB/s  0:00:04
Using cached packaging-26.1-py3-none-any.whl (95 kB)
Downloading pyyaml-6.0.3-cp312-cp312-win_amd64.whl (154 kB)
Downloading regex-2026.4.4-cp312-cp312-win_amd64.whl (277 kB)
Downloading safetensors-0.7.0-cp38-abi3-win_amd64.whl (341 kB)
Downloading six-1.17.0-py2.py3-none-any.whl (11 kB)
Downloading tqdm-4.67.3-py3-none-any.whl (78 kB)
Downloading watchfiles-1.1.1-cp312-cp312-win_amd64.whl (288 kB)
Downloading websockets-16.0-cp312-cp312-win_amd64.whl (178 kB)
Downloading certifi-2026.2.25-py3-none-any.whl (153 kB)
Downloading iniconfig-2.3.0-py3-none-any.whl (7.5 kB)
Downloading mako-1.3.11-py3-none-any.whl (78 kB)
Downloading pillow-12.2.0-cp312-cp312-win_amd64.whl (7.1 MB)
   ---------------------------------------- 7.1/7.1 MB 3.6 MB/s  0:00:02
Downloading pyasn1-0.6.3-py3-none-any.whl (83 kB)
Downloading pycparser-3.0-py3-none-any.whl (48 kB)
Downloading requests-2.33.1-py3-none-any.whl (64 kB)
Downloading charset_normalizer-3.4.7-cp312-cp312-win_amd64.whl (159 kB)
Downloading urllib3-2.6.3-py3-none-any.whl (131 kB)
Downloading rsa-4.9.1-py3-none-any.whl (34 kB)
Downloading scikit_learn-1.8.0-cp312-cp312-win_amd64.whl (8.0 MB)
   ---------------------------------------- 8.0/8.0 MB 3.0 MB/s  0:00:02
Downloading joblib-1.5.3-py3-none-any.whl (309 kB)
Downloading scipy-1.17.1-cp312-cp312-win_amd64.whl (36.5 MB)
   ---------------------------------------- 36.5/36.5 MB 3.5 MB/s  0:00:10
Downloading threadpoolctl-3.6.0-py3-none-any.whl (18 kB)
Installing collected packages: passlib, wrapt, websockets, urllib3, threadpoolctl, structlog, six, safetensors, regex, pyyaml, python-multipart, python-dotenv, pydantic-core, pycparser, pyasn1, pluggy, Pillow, packaging, numpy, Mako, joblib, iniconfig, idna, httptools, h11, greenlet, dnspython, coverage, colorama, charset_normalizer, certifi, bcrypt, annotated-types, tqdm, sqlalchemy, scipy, rsa, requests, pytest, pydantic, pgvector, httpcore, email-validator, ecdsa, deprecated, click, cffi, anyio, watchfiles, uvicorn, starlette, scikit-learn, python-jose, pytest-cov, pytest-asyncio, pydantic-settings, limits, huggingface-hub, httpx, cryptography, alembic, tokenizers, slowapi, fastapi, transformers, sentence-transformers

Successfully installed Mako-1.3.11 Pillow-12.2.0 alembic-1.14.0 annotated-types-0.7.0 anyio-4.13.0 bcrypt-4.0.1 certifi-2026.2.25 cffi-2.0.0 charset_normalizer-3.4.7 click-8.3.2 colorama-0.4.6 coverage-7.13.5 cryptography-46.0.7 deprecated-1.3.1 dnspython-2.8.0 ecdsa-0.19.2 email-validator-2.3.0 fastapi-0.115.5 greenlet-3.4.0 h11-0.16.0 httpcore-1.0.9 httptools-0.7.1 httpx-0.28.1 huggingface-hub-0.36.2 idna-3.11 iniconfig-2.3.0 joblib-1.5.3 limits-5.8.0 numpy-2.4.4 packaging-26.1 passlib-1.7.4 pgvector-0.3.6 pluggy-1.6.0 pyasn1-0.6.3 pycparser-3.0 pydantic-2.10.3 pydantic-core-2.27.1 pydantic-settings-2.6.1 pytest-8.3.4 pytest-asyncio-0.24.0 pytest-cov-6.0.0 python-dotenv-1.0.1 python-jose-3.3.0 python-multipart-0.0.12 pyyaml-6.0.3 regex-2026.4.4 requests-2.33.1 rsa-4.9.1 safetensors-0.7.0 scikit-learn-1.8.0 scipy-1.17.1 sentence-transformers-3.3.1 six-1.17.0 slowapi-0.1.9 sqlalchemy-2.0.36 starlette-0.41.3 structlog-24.4.0 threadpoolctl-3.6.0 tokenizers-0.22.2 tqdm-4.67.3 transformers-4.57.6 urllib3-2.6.3 uvicorn-0.32.1 watchfiles-1.1.1 websockets-16.0 wrapt-2.1.2
Collecting asyncpg==0.30.0
  Downloading asyncpg-0.30.0-cp312-cp312-win_amd64.whl.metadata (5.2 kB)
Downloading asyncpg-0.30.0-cp312-cp312-win_amd64.whl (621 kB)
   ---------------------------------------- 621.1/621.1 kB 7.6 MB/s  0:00:00
Installing collected packages: asyncpg
Successfully installed asyncpg-0.30.0
[14/04/2026 19:59:53,44] [INFO] Instalando rapidfuzz (wheel pre-compilado)...
Collecting rapidfuzz>=3.10.0
  Downloading rapidfuzz-3.14.5-cp312-cp312-win_amd64.whl.metadata (12 kB)
Downloading rapidfuzz-3.14.5-cp312-cp312-win_amd64.whl (1.5 MB)
   ---------------------------------------- 1.5/1.5 MB 4.8 MB/s  0:00:00
Installing collected packages: rapidfuzz
Successfully installed rapidfuzz-3.14.5
[14/04/2026 19:59:56,44] [OK] rapidfuzz instalado
Collecting pgcli==4.4.0
  Downloading pgcli-4.4.0-py3-none-any.whl.metadata (14 kB)
Collecting pgspecial>=2.0.0 (from pgcli==4.4.0)
  Downloading pgspecial-2.2.1-py3-none-any.whl.metadata (2.9 kB)
Collecting click<8.1.8,>=4.1 (from pgcli==4.4.0)
  Downloading click-8.1.7-py3-none-any.whl.metadata (3.0 kB)
Collecting Pygments>=2.0 (from pgcli==4.4.0)
  Downloading pygments-2.20.0-py3-none-any.whl.metadata (2.5 kB)
Collecting prompt_toolkit<4.0.0,>=2.0.6 (from pgcli==4.4.0)
  Downloading prompt_toolkit-3.0.52-py3-none-any.whl.metadata (6.4 kB)
Collecting psycopg-binary>=3.0.14 (from pgcli==4.4.0)
  Downloading psycopg_binary-3.3.3-cp312-cp312-win_amd64.whl.metadata (2.7 kB)
Collecting sqlparse<0.6,>=0.3.0 (from pgcli==4.4.0)
  Downloading sqlparse-0.5.5-py3-none-any.whl.metadata (4.7 kB)
Collecting configobj>=5.0.6 (from pgcli==4.4.0)
  Downloading configobj-5.0.9-py2.py3-none-any.whl.metadata (3.2 kB)
Collecting cli_helpers>=2.4.0 (from cli_helpers[styles]>=2.4.0->pgcli==4.4.0)
  Downloading cli_helpers-2.14.0-py3-none-any.whl.metadata (2.5 kB)
Collecting tzlocal>=5.2 (from pgcli==4.4.0)
  Downloading tzlocal-5.3.1-py3-none-any.whl.metadata (7.6 kB)
Requirement already satisfied: colorama in C:\DinamicaBudget\venv\Lib\site-packages (from click<8.1.8,>=4.1->pgcli==4.4.0) (0.4.6)
Collecting wcwidth (from prompt_toolkit<4.0.0,>=2.0.6->pgcli==4.4.0)
  Downloading wcwidth-0.6.0-py3-none-any.whl.metadata (30 kB)
Collecting tabulate~=0.10.0 (from tabulate[widechars]~=0.10.0->cli_helpers>=2.4.0->cli_helpers[styles]>=2.4.0->pgcli==4.4.0)
  Downloading tabulate-0.10.0-py3-none-any.whl.metadata (40 kB)
Collecting psycopg>=3.0.10 (from pgspecial>=2.0.0->pgcli==4.4.0)
  Downloading psycopg-3.3.3-py3-none-any.whl.metadata (4.3 kB)
Requirement already satisfied: typing-extensions>=4.6 in C:\DinamicaBudget\venv\Lib\site-packages (from psycopg>=3.0.10->pgspecial>=2.0.0->pgcli==4.4.0) (4.15.0)
Collecting tzdata (from psycopg>=3.0.10->pgspecial>=2.0.0->pgcli==4.4.0)
  Downloading tzdata-2026.1-py2.py3-none-any.whl.metadata (1.4 kB)
Downloading pgcli-4.4.0-py3-none-any.whl (85 kB)
Downloading click-8.1.7-py3-none-any.whl (97 kB)
Downloading prompt_toolkit-3.0.52-py3-none-any.whl (391 kB)
Downloading sqlparse-0.5.5-py3-none-any.whl (46 kB)
Downloading cli_helpers-2.14.0-py3-none-any.whl (21 kB)
Downloading tabulate-0.10.0-py3-none-any.whl (39 kB)
Downloading configobj-5.0.9-py2.py3-none-any.whl (35 kB)
Downloading pgspecial-2.2.1-py3-none-any.whl (35 kB)
Downloading psycopg-3.3.3-py3-none-any.whl (212 kB)
Downloading psycopg_binary-3.3.3-cp312-cp312-win_amd64.whl (3.5 MB)
   ---------------------------------------- 3.5/3.5 MB 13.1 MB/s  0:00:00
Downloading pygments-2.20.0-py3-none-any.whl (1.2 MB)
   ---------------------------------------- 1.2/1.2 MB 5.2 MB/s  0:00:00
Downloading tzlocal-5.3.1-py3-none-any.whl (18 kB)
Downloading tzdata-2026.1-py2.py3-none-any.whl (348 kB)
Downloading wcwidth-0.6.0-py3-none-any.whl (94 kB)
Installing collected packages: wcwidth, tzdata, tabulate, sqlparse, Pygments, psycopg-binary, configobj, click, tzlocal, psycopg, prompt_toolkit, pgspecial, cli_helpers, pgcli
  Attempting uninstall: click
    Found existing installation: click 8.3.2
    Uninstalling click-8.3.2:
      Successfully uninstalled click-8.3.2

Successfully installed Pygments-2.20.0 cli_helpers-2.14.0 click-8.1.7 configobj-5.0.9 pgcli-4.4.0 pgspecial-2.2.1 prompt_toolkit-3.0.52 psycopg-3.3.3 psycopg-binary-3.3.3 sqlparse-0.5.5 tabulate-0.10.0 tzdata-2026.1 tzlocal-5.3.1 wcwidth-0.6.0
