‚ïê‚ïê‚ïê DINAMICA BUDGET ‚Äî INSTALADOR NATIVO v3.0
Inicio: 15/04/2026  1:18:23,44
Origem: C:\Dinamica-Budget
Destino: C:\DinamicaBudget
[15/04/2026  1:18:23,46] [INFO] Origem:  C:\Dinamica-Budget
[15/04/2026  1:18:23,47] [INFO] Destino: C:\DinamicaBudget
[15/04/2026  1:18:23,47] [INFO] Log:     C:\Dinamica-Budget\logs\deploy-20260415_011823.log
[15/04/2026  1:18:23,48] [ETAPA 0/11] Verificacao de pre-requisitos
[15/04/2026  1:18:23,51] [OK] Executando como Administrador
[15/04/2026  1:18:23,55] [OK] Windows Server 2022 (Build 20348)
[15/04/2026  1:18:23,81] [OK] Python 3.12.10
[15/04/2026  1:18:24,03] [OK] pip disponivel
[15/04/2026  1:18:24,28] [OK] Node.js v20.3.1
[15/04/2026  1:18:24,49] [OK] npm disponivel
[15/04/2026  1:18:24,70] [OK] NSSM disponivel no PATH
[15/04/2026  1:18:24,70] [INFO] Verificando IIS...
[15/04/2026  1:18:24,71] [OK] IIS instalado
[15/04/2026  1:18:24,72] [OK] URL Rewrite 2.1 disponivel
[15/04/2026  1:18:24,72] [INFO] ARR 3.0 ausente. Instalando automaticamente...
[15/04/2026  1:18:27,41] [WARN] ARR 3.0 instalacao automatica falhou. Reverse proxy nao funcionara.
[15/04/2026  1:18:27,42] [PEND] Instalar ARR 3.0 manualmente: https://www.iis.net/downloads/microsoft/application-request-routing
[15/04/2026  1:18:27,42] [INFO] Entrando no check do PostgreSQL...
[15/04/2026  1:18:27,47] [INFO] PostgreSQL nao encontrado. Baixando PostgreSQL 16 (~300MB)...
[15/04/2026  1:18:27,67] [INFO] Baixando instalador EDB PostgreSQL 16...
[15/04/2026  1:21:36,86] [INFO] Instalando PostgreSQL 16 (silencioso, pode levar 2-3 min)...
[15/04/2026  1:27:09,17] [OK] PostgreSQL 16 instalado com sucesso
[15/04/2026  1:27:09,21] [INFO] Tentando iniciar postgresql-x64-16...
O serviáo solicitado jÝ foi iniciado.

Para obter mais ajuda, digite NET HELPMSG 2182.

[15/04/2026  1:27:09,24] [WARN] Falha ao iniciar postgresql-x64-16. Etapas de banco serao puladas.
[15/04/2026  1:27:09,25] [PEND] Iniciar PostgreSQL manualmente: net start postgresql-x64-16
[15/04/2026  1:27:09,26] [OK] psql encontrado
[15/04/2026  1:27:09,27] [OK] Arquivos de origem validados
[15/04/2026  1:27:09,28] [INFO] Modo: ATUALIZACAO (instalacao existente detectada)
[15/04/2026  1:27:09,29] [ETAPA 1/11] Sincronizar arquivos do projeto

-------------------------------------------------------------------------------
   ROBOCOPY     ::     Robust File Copy para Windows                              
-------------------------------------------------------------------------------

  Iniciado: quarta-feira, 15 de abril de 2026 01:27:09
   Origem : C:\Dinamica-Budget\
     Destino : C:\DinamicaBudget\

    Arquivos: *.*
	    
 Diret√≥rios Exc: .git
	    node_modules
	    venv
	    .venv
	    logs
	    output
	    __pycache__
	    .mypy_cache
	    .pytest_cache
	    
  Op√ß√µes: *.* /NDL /NFL /S /E /DCOPY:DA /COPY:DAT /PURGE /MIR /NP /R:2 /W:2 

------------------------------------------------------------------------------


------------------------------------------------------------------------------

               Total   Copiada  IgnoradaIncompatibilidade     FALHA    Extras
Diret√≥rios:       118         0       118         0         0         1
 Arquivos:       605         1       604         0         0         0
    Bytes:    7.37 m    59.9 k    7.31 m         0         0         0
N.¬∫ de Vezes:   0:00:00   0:00:00                       0:00:00   0:00:00
   Finalizado em: quarta-feira, 15 de abril de 2026 01:27:09

[15/04/2026  1:27:09,33] [OK] Projeto sincronizado para C:\DinamicaBudget
[15/04/2026  1:27:09,34] [ETAPA 2/11] Ambiente virtual Python e dependencias
[15/04/2026  1:27:09,39] [SKIP] venv ja existe e e compativel (Python 3.12.10)
[15/04/2026  1:27:09,40] [INFO] Atualizando pip...
Requirement already satisfied: pip in C:\DinamicaBudget\venv\Lib\site-packages (26.0.1)
[15/04/2026  1:27:10,91] [INFO] Instalando torch CPU para Python 3.12.10...
Looking in indexes: https://download.pytorch.org/whl/cpu
Requirement already satisfied: torch>=2.5.1 in C:\DinamicaBudget\venv\Lib\site-packages (2.11.0+cpu)
Requirement already satisfied: filelock in C:\DinamicaBudget\venv\Lib\site-packages (from torch>=2.5.1) (3.25.2)
Requirement already satisfied: typing-extensions>=4.10.0 in C:\DinamicaBudget\venv\Lib\site-packages (from torch>=2.5.1) (4.15.0)
Requirement already satisfied: setuptools<82 in C:\DinamicaBudget\venv\Lib\site-packages (from torch>=2.5.1) (70.2.0)
Requirement already satisfied: sympy>=1.13.3 in C:\DinamicaBudget\venv\Lib\site-packages (from torch>=2.5.1) (1.14.0)
Requirement already satisfied: networkx>=2.5.1 in C:\DinamicaBudget\venv\Lib\site-packages (from torch>=2.5.1) (3.6.1)
Requirement already satisfied: jinja2 in C:\DinamicaBudget\venv\Lib\site-packages (from torch>=2.5.1) (3.1.6)
Requirement already satisfied: fsspec>=0.8.5 in C:\DinamicaBudget\venv\Lib\site-packages (from torch>=2.5.1) (2026.2.0)
Requirement already satisfied: mpmath<1.4,>=1.1.0 in C:\DinamicaBudget\venv\Lib\site-packages (from sympy>=1.13.3->torch>=2.5.1) (1.3.0)
Requirement already satisfied: MarkupSafe>=2.0 in C:\DinamicaBudget\venv\Lib\site-packages (from jinja2->torch>=2.5.1) (3.0.3)
[15/04/2026  1:27:11,85] [INFO] Instalando dependencias Python (pode levar 5-10 min na 1a vez)...
Requirement already satisfied: fastapi==0.115.5 in C:\DinamicaBudget\venv\Lib\site-packages (0.115.5)
Requirement already satisfied: uvicorn==0.32.1 in C:\DinamicaBudget\venv\Lib\site-packages (from uvicorn[standard]==0.32.1) (0.32.1)
Requirement already satisfied: python-multipart==0.0.12 in C:\DinamicaBudget\venv\Lib\site-packages (0.0.12)
Requirement already satisfied: sqlalchemy==2.0.36 in C:\DinamicaBudget\venv\Lib\site-packages (from sqlalchemy[asyncio]==2.0.36) (2.0.36)
Requirement already satisfied: alembic==1.14.0 in C:\DinamicaBudget\venv\Lib\site-packages (1.14.0)
Requirement already satisfied: pgvector==0.3.6 in C:\DinamicaBudget\venv\Lib\site-packages (0.3.6)
Requirement already satisfied: pydantic==2.10.3 in C:\DinamicaBudget\venv\Lib\site-packages (2.10.3)
Requirement already satisfied: pydantic-settings==2.6.1 in C:\DinamicaBudget\venv\Lib\site-packages (2.6.1)
Requirement already satisfied: passlib==1.7.4 in C:\DinamicaBudget\venv\Lib\site-packages (from passlib[bcrypt]==1.7.4) (1.7.4)
Requirement already satisfied: bcrypt==4.0.1 in C:\DinamicaBudget\venv\Lib\site-packages (4.0.1)
Requirement already satisfied: python-jose==3.3.0 in C:\DinamicaBudget\venv\Lib\site-packages (from python-jose[cryptography]==3.3.0) (3.3.0)
Requirement already satisfied: slowapi==0.1.9 in C:\DinamicaBudget\venv\Lib\site-packages (0.1.9)
Requirement already satisfied: sentence-transformers==3.3.1 in C:\DinamicaBudget\venv\Lib\site-packages (3.3.1)
Requirement already satisfied: structlog==24.4.0 in C:\DinamicaBudget\venv\Lib\site-packages (24.4.0)
Requirement already satisfied: python-dotenv==1.0.1 in C:\DinamicaBudget\venv\Lib\site-packages (1.0.1)
Requirement already satisfied: pytest==8.3.4 in C:\DinamicaBudget\venv\Lib\site-packages (8.3.4)
Requirement already satisfied: pytest-asyncio==0.24.0 in C:\DinamicaBudget\venv\Lib\site-packages (0.24.0)
Requirement already satisfied: httpx==0.28.1 in C:\DinamicaBudget\venv\Lib\site-packages (0.28.1)
Requirement already satisfied: pytest-cov==6.0.0 in C:\DinamicaBudget\venv\Lib\site-packages (6.0.0)
Requirement already satisfied: starlette<0.42.0,>=0.40.0 in C:\DinamicaBudget\venv\Lib\site-packages (from fastapi==0.115.5) (0.41.3)
Requirement already satisfied: typing-extensions>=4.8.0 in C:\DinamicaBudget\venv\Lib\site-packages (from fastapi==0.115.5) (4.15.0)
Requirement already satisfied: annotated-types>=0.6.0 in C:\DinamicaBudget\venv\Lib\site-packages (from pydantic==2.10.3) (0.7.0)
Requirement already satisfied: pydantic-core==2.27.1 in C:\DinamicaBudget\venv\Lib\site-packages (from pydantic==2.10.3) (2.27.1)
Requirement already satisfied: click>=7.0 in C:\DinamicaBudget\venv\Lib\site-packages (from uvicorn==0.32.1->uvicorn[standard]==0.32.1) (8.1.7)
Requirement already satisfied: h11>=0.8 in C:\DinamicaBudget\venv\Lib\site-packages (from uvicorn==0.32.1->uvicorn[standard]==0.32.1) (0.16.0)
Requirement already satisfied: greenlet!=0.4.17 in C:\DinamicaBudget\venv\Lib\site-packages (from sqlalchemy==2.0.36->sqlalchemy[asyncio]==2.0.36) (3.4.0)
Requirement already satisfied: Mako in C:\DinamicaBudget\venv\Lib\site-packages (from alembic==1.14.0) (1.3.11)
Requirement already satisfied: numpy in C:\DinamicaBudget\venv\Lib\site-packages (from pgvector==0.3.6) (2.4.4)
Requirement already satisfied: ecdsa!=0.15 in C:\DinamicaBudget\venv\Lib\site-packages (from python-jose==3.3.0->python-jose[cryptography]==3.3.0) (0.19.2)
Requirement already satisfied: rsa in C:\DinamicaBudget\venv\Lib\site-packages (from python-jose==3.3.0->python-jose[cryptography]==3.3.0) (4.9.1)
Requirement already satisfied: pyasn1 in C:\DinamicaBudget\venv\Lib\site-packages (from python-jose==3.3.0->python-jose[cryptography]==3.3.0) (0.6.3)
Requirement already satisfied: limits>=2.3 in C:\DinamicaBudget\venv\Lib\site-packages (from slowapi==0.1.9) (5.8.0)
Requirement already satisfied: transformers<5.0.0,>=4.41.0 in C:\DinamicaBudget\venv\Lib\site-packages (from sentence-transformers==3.3.1) (4.57.6)
Requirement already satisfied: tqdm in C:\DinamicaBudget\venv\Lib\site-packages (from sentence-transformers==3.3.1) (4.67.3)
Requirement already satisfied: torch>=1.11.0 in C:\DinamicaBudget\venv\Lib\site-packages (from sentence-transformers==3.3.1) (2.11.0+cpu)
Requirement already satisfied: scikit-learn in C:\DinamicaBudget\venv\Lib\site-packages (from sentence-transformers==3.3.1) (1.8.0)
Requirement already satisfied: scipy in C:\DinamicaBudget\venv\Lib\site-packages (from sentence-transformers==3.3.1) (1.17.1)
Requirement already satisfied: huggingface-hub>=0.20.0 in C:\DinamicaBudget\venv\Lib\site-packages (from sentence-transformers==3.3.1) (0.36.2)
Requirement already satisfied: Pillow in C:\DinamicaBudget\venv\Lib\site-packages (from sentence-transformers==3.3.1) (12.2.0)
Requirement already satisfied: colorama in C:\DinamicaBudget\venv\Lib\site-packages (from pytest==8.3.4) (0.4.6)
Requirement already satisfied: iniconfig in C:\DinamicaBudget\venv\Lib\site-packages (from pytest==8.3.4) (2.3.0)
Requirement already satisfied: packaging in C:\DinamicaBudget\venv\Lib\site-packages (from pytest==8.3.4) (26.1)
Requirement already satisfied: pluggy<2,>=1.5 in C:\DinamicaBudget\venv\Lib\site-packages (from pytest==8.3.4) (1.6.0)
Requirement already satisfied: anyio in C:\DinamicaBudget\venv\Lib\site-packages (from httpx==0.28.1) (4.13.0)
Requirement already satisfied: certifi in C:\DinamicaBudget\venv\Lib\site-packages (from httpx==0.28.1) (2026.2.25)
Requirement already satisfied: httpcore==1.* in C:\DinamicaBudget\venv\Lib\site-packages (from httpx==0.28.1) (1.0.9)
Requirement already satisfied: idna in C:\DinamicaBudget\venv\Lib\site-packages (from httpx==0.28.1) (3.11)
Requirement already satisfied: coverage>=7.5 in C:\DinamicaBudget\venv\Lib\site-packages (from coverage[toml]>=7.5->pytest-cov==6.0.0) (7.13.5)
Requirement already satisfied: email-validator>=2.0.0 in C:\DinamicaBudget\venv\Lib\site-packages (from pydantic[email]==2.10.3) (2.3.0)
Requirement already satisfied: cryptography>=3.4.0 in C:\DinamicaBudget\venv\Lib\site-packages (from python-jose[cryptography]==3.3.0) (46.0.7)
Requirement already satisfied: httptools>=0.6.3 in C:\DinamicaBudget\venv\Lib\site-packages (from uvicorn[standard]==0.32.1) (0.7.1)
Requirement already satisfied: pyyaml>=5.1 in C:\DinamicaBudget\venv\Lib\site-packages (from uvicorn[standard]==0.32.1) (6.0.3)
Requirement already satisfied: watchfiles>=0.13 in C:\DinamicaBudget\venv\Lib\site-packages (from uvicorn[standard]==0.32.1) (1.1.1)
Requirement already satisfied: websockets>=10.4 in C:\DinamicaBudget\venv\Lib\site-packages (from uvicorn[standard]==0.32.1) (16.0)
Requirement already satisfied: filelock in C:\DinamicaBudget\venv\Lib\site-packages (from transformers<5.0.0,>=4.41.0->sentence-transformers==3.3.1) (3.25.2)
Requirement already satisfied: regex!=2019.12.17 in C:\DinamicaBudget\venv\Lib\site-packages (from transformers<5.0.0,>=4.41.0->sentence-transformers==3.3.1) (2026.4.4)
Requirement already satisfied: requests in C:\DinamicaBudget\venv\Lib\site-packages (from transformers<5.0.0,>=4.41.0->sentence-transformers==3.3.1) (2.33.1)
Requirement already satisfied: tokenizers<=0.23.0,>=0.22.0 in C:\DinamicaBudget\venv\Lib\site-packages (from transformers<5.0.0,>=4.41.0->sentence-transformers==3.3.1) (0.22.2)
Requirement already satisfied: safetensors>=0.4.3 in C:\DinamicaBudget\venv\Lib\site-packages (from transformers<5.0.0,>=4.41.0->sentence-transformers==3.3.1) (0.7.0)
Requirement already satisfied: fsspec>=2023.5.0 in C:\DinamicaBudget\venv\Lib\site-packages (from huggingface-hub>=0.20.0->sentence-transformers==3.3.1) (2026.2.0)
Requirement already satisfied: cffi>=2.0.0 in C:\DinamicaBudget\venv\Lib\site-packages (from cryptography>=3.4.0->python-jose[cryptography]==3.3.0) (2.0.0)
Requirement already satisfied: pycparser in C:\DinamicaBudget\venv\Lib\site-packages (from cffi>=2.0.0->cryptography>=3.4.0->python-jose[cryptography]==3.3.0) (3.0)
Requirement already satisfied: six>=1.9.0 in C:\DinamicaBudget\venv\Lib\site-packages (from ecdsa!=0.15->python-jose==3.3.0->python-jose[cryptography]==3.3.0) (1.17.0)
Requirement already satisfied: dnspython>=2.0.0 in C:\DinamicaBudget\venv\Lib\site-packages (from email-validator>=2.0.0->pydantic[email]==2.10.3) (2.8.0)
Requirement already satisfied: deprecated>=1.2 in C:\DinamicaBudget\venv\Lib\site-packages (from limits>=2.3->slowapi==0.1.9) (1.3.1)
Requirement already satisfied: wrapt<3,>=1.10 in C:\DinamicaBudget\venv\Lib\site-packages (from deprecated>=1.2->limits>=2.3->slowapi==0.1.9) (2.1.2)
Requirement already satisfied: setuptools<82 in C:\DinamicaBudget\venv\Lib\site-packages (from torch>=1.11.0->sentence-transformers==3.3.1) (70.2.0)
Requirement already satisfied: sympy>=1.13.3 in C:\DinamicaBudget\venv\Lib\site-packages (from torch>=1.11.0->sentence-transformers==3.3.1) (1.14.0)
Requirement already satisfied: networkx>=2.5.1 in C:\DinamicaBudget\venv\Lib\site-packages (from torch>=1.11.0->sentence-transformers==3.3.1) (3.6.1)
Requirement already satisfied: jinja2 in C:\DinamicaBudget\venv\Lib\site-packages (from torch>=1.11.0->sentence-transformers==3.3.1) (3.1.6)
Requirement already satisfied: mpmath<1.4,>=1.1.0 in C:\DinamicaBudget\venv\Lib\site-packages (from sympy>=1.13.3->torch>=1.11.0->sentence-transformers==3.3.1) (1.3.0)
Requirement already satisfied: MarkupSafe>=2.0 in C:\DinamicaBudget\venv\Lib\site-packages (from jinja2->torch>=1.11.0->sentence-transformers==3.3.1) (3.0.3)
Requirement already satisfied: charset_normalizer<4,>=2 in C:\DinamicaBudget\venv\Lib\site-packages (from requests->transformers<5.0.0,>=4.41.0->sentence-transformers==3.3.1) (3.4.7)
Requirement already satisfied: urllib3<3,>=1.26 in C:\DinamicaBudget\venv\Lib\site-packages (from requests->transformers<5.0.0,>=4.41.0->sentence-transformers==3.3.1) (2.6.3)
Requirement already satisfied: joblib>=1.3.0 in C:\DinamicaBudget\venv\Lib\site-packages (from scikit-learn->sentence-transformers==3.3.1) (1.5.3)
Requirement already satisfied: threadpoolctl>=3.2.0 in C:\DinamicaBudget\venv\Lib\site-packages (from scikit-learn->sentence-transformers==3.3.1) (3.6.0)
Requirement already satisfied: asyncpg==0.30.0 in C:\DinamicaBudget\venv\Lib\site-packages (0.30.0)
[15/04/2026  1:27:13,88] [INFO] Instalando rapidfuzz (wheel pre-compilado)...
Requirement already satisfied: rapidfuzz>=3.10.0 in C:\DinamicaBudget\venv\Lib\site-packages (3.14.5)
[15/04/2026  1:27:14,80] [OK] rapidfuzz instalado
Requirement already satisfied: pgcli==4.4.0 in C:\DinamicaBudget\venv\Lib\site-packages (4.4.0)
Requirement already satisfied: pgspecial>=2.0.0 in C:\DinamicaBudget\venv\Lib\site-packages (from pgcli==4.4.0) (2.2.1)
Requirement already satisfied: click<8.1.8,>=4.1 in C:\DinamicaBudget\venv\Lib\site-packages (from pgcli==4.4.0) (8.1.7)
Requirement already satisfied: Pygments>=2.0 in C:\DinamicaBudget\venv\Lib\site-packages (from pgcli==4.4.0) (2.20.0)
Requirement already satisfied: prompt_toolkit<4.0.0,>=2.0.6 in C:\DinamicaBudget\venv\Lib\site-packages (from pgcli==4.4.0) (3.0.52)
Requirement already satisfied: psycopg-binary>=3.0.14 in C:\DinamicaBudget\venv\Lib\site-packages (from pgcli==4.4.0) (3.3.3)
Requirement already satisfied: sqlparse<0.6,>=0.3.0 in C:\DinamicaBudget\venv\Lib\site-packages (from pgcli==4.4.0) (0.5.5)
Requirement already satisfied: configobj>=5.0.6 in C:\DinamicaBudget\venv\Lib\site-packages (from pgcli==4.4.0) (5.0.9)
Requirement already satisfied: cli_helpers>=2.4.0 in C:\DinamicaBudget\venv\Lib\site-packages (from cli_helpers[styles]>=2.4.0->pgcli==4.4.0) (2.14.0)
Requirement already satisfied: tzlocal>=5.2 in C:\DinamicaBudget\venv\Lib\site-packages (from pgcli==4.4.0) (5.3.1)
Requirement already satisfied: colorama in C:\DinamicaBudget\venv\Lib\site-packages (from click<8.1.8,>=4.1->pgcli==4.4.0) (0.4.6)
Requirement already satisfied: wcwidth in C:\DinamicaBudget\venv\Lib\site-packages (from prompt_toolkit<4.0.0,>=2.0.6->pgcli==4.4.0) (0.6.0)
Requirement already satisfied: tabulate~=0.10.0 in C:\DinamicaBudget\venv\Lib\site-packages (from tabulate[widechars]~=0.10.0->cli_helpers>=2.4.0->cli_helpers[styles]>=2.4.0->pgcli==4.4.0) (0.10.0)
Requirement already satisfied: psycopg>=3.0.10 in C:\DinamicaBudget\venv\Lib\site-packages (from pgspecial>=2.0.0->pgcli==4.4.0) (3.3.3)
Requirement already satisfied: typing-extensions>=4.6 in C:\DinamicaBudget\venv\Lib\site-packages (from psycopg>=3.0.10->pgspecial>=2.0.0->pgcli==4.4.0) (4.15.0)
Requirement already satisfied: tzdata in C:\DinamicaBudget\venv\Lib\site-packages (from psycopg>=3.0.10->pgspecial>=2.0.0->pgcli==4.4.0) (2026.1)
[15/04/2026  1:27:15,75] [OK] Dependencias Python instaladas
[15/04/2026  1:27:15,76] [ETAPA 3/11] Configuracao do arquivo .env
[15/04/2026  1:27:15,79] [SKIP] .env ja configurado
[15/04/2026  1:27:16,03] [ETAPA 4/11] PostgreSQL: banco de dados e extensoes
[15/04/2026  1:27:16,04] [SKIP] PostgreSQL nao disponivel. Configuracao manual necessaria.
[15/04/2026  1:27:16,04] [PEND] Criar banco 'dinamica_budget' no PostgreSQL via pgAdmin
[15/04/2026  1:27:16,05] [PEND] Executar no banco: CREATE EXTENSION IF NOT EXISTS vector; CREATE EXTENSION IF NOT EXISTS pg_trgm;
[15/04/2026  1:27:16,06] [ETAPA 5/11] Migracoes de banco (Alembic)
C:\DinamicaBudget\venv\Scripts\python.exe: No module named alembic.__main__; 'alembic' is a package and cannot be directly executed
[15/04/2026  1:27:16,12] [WARN] Alembic upgrade head falhou (codigo 1).
[15/04/2026  1:27:16,13] [INFO] Causas comuns: PostgreSQL parado, banco nao criado, extensoes ausentes.
[15/04/2026  1:27:16,14] [PEND] Executar manualmente: cd C:\DinamicaBudget 
[15/04/2026  1:27:16,15] [ETAPA 6/11] Modelo de Machine Learning
