‚ïê‚ïê‚ïê DINAMICA BUDGET ‚Äî INSTALADOR NATIVO v3.0
Inicio: 15/04/2026  2:54:33,85
Origem: C:\Dinamica-Budget
Destino: C:\DinamicaBudget
[15/04/2026  2:54:33,87] [INFO] Origem:  C:\Dinamica-Budget
[15/04/2026  2:54:33,88] [INFO] Destino: C:\DinamicaBudget
[15/04/2026  2:54:33,89] [INFO] Log:     C:\Dinamica-Budget\logs\deploy-20260415_025433.log
[15/04/2026  2:54:33,89] [ETAPA 0/11] Verificacao de pre-requisitos
[15/04/2026  2:54:33,92] [OK] Executando como Administrador
[15/04/2026  2:54:33,96] [OK] Windows Server 2022 (Build 20348)
[15/04/2026  2:54:34,23] [OK] Python 3.12.10
[15/04/2026  2:54:34,45] [OK] pip disponivel
[15/04/2026  2:54:34,71] [OK] Node.js v20.3.1
[15/04/2026  2:54:34,92] [OK] npm disponivel
[15/04/2026  2:54:35,14] [OK] NSSM disponivel no PATH
[15/04/2026  2:54:35,15] [INFO] Verificando IIS...
[15/04/2026  2:54:35,16] [OK] IIS instalado
[15/04/2026  2:54:35,17] [OK] URL Rewrite 2.1 disponivel
[15/04/2026  2:54:35,24] [OK] ARR 3.0 disponivel
[15/04/2026  2:54:35,25] [INFO] Entrando no check do PostgreSQL...
[15/04/2026  2:54:35,30] [INFO] Tentando iniciar postgresql-x64-16...
O serviáo solicitado jÝ foi iniciado.

Para obter mais ajuda, digite NET HELPMSG 2182.

[15/04/2026  2:54:35,34] [OK] PostgreSQL (postgresql-x64-16) ja estava rodando
[15/04/2026  2:54:35,35] [OK] psql encontrado
[15/04/2026  2:54:35,36] [OK] Arquivos de origem validados
[15/04/2026  2:54:35,36] [INFO] Modo: ATUALIZACAO (instalacao existente detectada)
[15/04/2026  2:54:35,37] [ETAPA 1/11] Sincronizar arquivos do projeto

-------------------------------------------------------------------------------
   ROBOCOPY     ::     Robust File Copy para Windows                              
-------------------------------------------------------------------------------

  Iniciado: quarta-feira, 15 de abril de 2026 02:54:35
   Origem : C:\Dinamica-Budget\
     Destino : C:\DinamicaBudget\

    Arquivos: *.*
	    
 Diret√≥rios Exc: .git
	    node_modules
	    venv
	    .venv
	    logs
	    output
	    __pycache__
	    .mypy_cache
	    .pytest_cache
	    
  Op√ß√µes: *.* /NDL /NFL /S /E /DCOPY:DA /COPY:DAT /PURGE /MIR /NP /R:2 /W:2 

------------------------------------------------------------------------------

	*Dir EXTRA        -1	C:\DinamicaBudget\ml_models\
	*Dir EXTRA        -1	C:\DinamicaBudget\ml_models\.locks\
	*Dir EXTRA        -1	C:\DinamicaBudget\ml_models\.locks\models--sentence-transformers--all-MiniLM-L6-v2\
	*Dir EXTRA        -1	C:\DinamicaBudget\ml_models\models--sentence-transformers--all-MiniLM-L6-v2\
	*Dir EXTRA        -1	C:\DinamicaBudget\ml_models\models--sentence-transformers--all-MiniLM-L6-v2\.no_exist\
	*Dir EXTRA        -1	C:\DinamicaBudget\ml_models\models--sentence-transformers--all-MiniLM-L6-v2\.no_exist\c9745ed1d9f207416be6d2e6f8de32d1f16199bf\
	  *Arquivo EXTRA		       0	C:\DinamicaBudget\ml_models\models--sentence-transformers--all-MiniLM-L6-v2\.no_exist\c9745ed1d9f207416be6d2e6f8de32d1f16199bf\added_tokens.json
	  *Arquivo EXTRA		       0	C:\DinamicaBudget\ml_models\models--sentence-transformers--all-MiniLM-L6-v2\.no_exist\c9745ed1d9f207416be6d2e6f8de32d1f16199bf\chat_template.jinja
	*Dir EXTRA        -1	C:\DinamicaBudget\ml_models\models--sentence-transformers--all-MiniLM-L6-v2\blobs\
	  *Arquivo EXTRA		  86.6 m	C:\DinamicaBudget\ml_models\models--sentence-transformers--all-MiniLM-L6-v2\blobs\53aa51172d142c89d9012cce15ae4d6cc0ca6895895114379cacb4fab128d9db
2026/04/15 02:54:35 ERRO 5 (0x00000005) Excluindo Arquivo Extra C:\DinamicaBudget\ml_models\models--sentence-transformers--all-MiniLM-L6-v2\blobs\53aa51172d142c89d9012cce15ae4d6cc0ca6895895114379cacb4fab128d9db
Acesso negado.

	  *Arquivo EXTRA		   10454	C:\DinamicaBudget\ml_models\models--sentence-transformers--all-MiniLM-L6-v2\blobs\58d4a9a45664eb9e12de9549c548c09b6134c17f
	  *Arquivo EXTRA		      53	C:\DinamicaBudget\ml_models\models--sentence-transformers--all-MiniLM-L6-v2\blobs\59d594003bf59880a884c574bf88ef7555bb0202
	  *Arquivo EXTRA		     612	C:\DinamicaBudget\ml_models\models--sentence-transformers--all-MiniLM-L6-v2\blobs\72b987fd805cfa2b58c4c8c952b274a11bfd5a00
	  *Arquivo EXTRA		     349	C:\DinamicaBudget\ml_models\models--sentence-transformers--all-MiniLM-L6-v2\blobs\952a9b81c0bfd99800fabf352f69c7ccd46c5e43
	  *Arquivo EXTRA		     350	C:\DinamicaBudget\ml_models\models--sentence-transformers--all-MiniLM-L6-v2\blobs\c79f2b6a0cea6f4b564fed1938984bace9d30ff0
	  *Arquivo EXTRA		  466247	C:\DinamicaBudget\ml_models\models--sentence-transformers--all-MiniLM-L6-v2\blobs\cb202bfe2e3c98645018a6d12f182a434c9d3e02
	  *Arquivo EXTRA		     190	C:\DinamicaBudget\ml_models\models--sentence-transformers--all-MiniLM-L6-v2\blobs\d1514c3162bbe87b343f565fadc62e6c06f04f03
	  *Arquivo EXTRA		     112	C:\DinamicaBudget\ml_models\models--sentence-transformers--all-MiniLM-L6-v2\blobs\e7b0375001f109a6b8873d756ad4f7bbb15fbaa5
	  *Arquivo EXTRA		  231508	C:\DinamicaBudget\ml_models\models--sentence-transformers--all-MiniLM-L6-v2\blobs\fb140275c155a9c7c5a3b3e0e77a9e839594a938
	  *Arquivo EXTRA		     116	C:\DinamicaBudget\ml_models\models--sentence-transformers--all-MiniLM-L6-v2\blobs\fd1b291129c607e5d49799f87cb219b27f98acdf
	*Dir EXTRA        -1	C:\DinamicaBudget\ml_models\models--sentence-transformers--all-MiniLM-L6-v2\refs\
	  *Arquivo EXTRA		      40	C:\DinamicaBudget\ml_models\models--sentence-transformers--all-MiniLM-L6-v2\refs\main
	*Dir EXTRA        -1	C:\DinamicaBudget\ml_models\models--sentence-transformers--all-MiniLM-L6-v2\snapshots\
	*Dir EXTRA        -1	C:\DinamicaBudget\ml_models\models--sentence-transformers--all-MiniLM-L6-v2\snapshots\c9745ed1d9f207416be6d2e6f8de32d1f16199bf\
	  *Arquivo EXTRA		      -1	C:\DinamicaBudget\ml_models\models--sentence-transformers--all-MiniLM-L6-v2\snapshots\c9745ed1d9f207416be6d2e6f8de32d1f16199bf\config.json
	  *Arquivo EXTRA		      -1	C:\DinamicaBudget\ml_models\models--sentence-transformers--all-MiniLM-L6-v2\snapshots\c9745ed1d9f207416be6d2e6f8de32d1f16199bf\config_sentence_transformers.json
	  *Arquivo EXTRA		  86.6 m	C:\DinamicaBudget\ml_models\models--sentence-transformers--all-MiniLM-L6-v2\snapshots\c9745ed1d9f207416be6d2e6f8de32d1f16199bf\model.safetensors
	  *Arquivo EXTRA		      -1	C:\DinamicaBudget\ml_models\models--sentence-transformers--all-MiniLM-L6-v2\snapshots\c9745ed1d9f207416be6d2e6f8de32d1f16199bf\modules.json
	  *Arquivo EXTRA		      -1	C:\DinamicaBudget\ml_models\models--sentence-transformers--all-MiniLM-L6-v2\snapshots\c9745ed1d9f207416be6d2e6f8de32d1f16199bf\README.md
	  *Arquivo EXTRA		      -1	C:\DinamicaBudget\ml_models\models--sentence-transformers--all-MiniLM-L6-v2\snapshots\c9745ed1d9f207416be6d2e6f8de32d1f16199bf\sentence_bert_config.json
	  *Arquivo EXTRA		      -1	C:\DinamicaBudget\ml_models\models--sentence-transformers--all-MiniLM-L6-v2\snapshots\c9745ed1d9f207416be6d2e6f8de32d1f16199bf\special_tokens_map.json
	  *Arquivo EXTRA		      -1	C:\DinamicaBudget\ml_models\models--sentence-transformers--all-MiniLM-L6-v2\snapshots\c9745ed1d9f207416be6d2e6f8de32d1f16199bf\tokenizer.json
	  *Arquivo EXTRA		      -1	C:\DinamicaBudget\ml_models\models--sentence-transformers--all-MiniLM-L6-v2\snapshots\c9745ed1d9f207416be6d2e6f8de32d1f16199bf\tokenizer_config.json
	  *Arquivo EXTRA		      -1	C:\DinamicaBudget\ml_models\models--sentence-transformers--all-MiniLM-L6-v2\snapshots\c9745ed1d9f207416be6d2e6f8de32d1f16199bf\vocab.txt
	*Dir EXTRA        -1	C:\DinamicaBudget\ml_models\models--sentence-transformers--all-MiniLM-L6-v2\snapshots\c9745ed1d9f207416be6d2e6f8de32d1f16199bf\1_Pooling\
	  *Arquivo EXTRA		      -1	C:\DinamicaBudget\ml_models\models--sentence-transformers--all-MiniLM-L6-v2\snapshots\c9745ed1d9f207416be6d2e6f8de32d1f16199bf\1_Pooling\config.json

------------------------------------------------------------------------------

               Total   Copiada  IgnoradaIncompatibilidade     FALHA    Extras
Diret√≥rios:       121         2       119         0         0        24
 Arquivos:       644        46       598         0         0        25
    Bytes:    8.28 m    1.09 m    7.18 m         0         0  173.99 m
N.¬∫ de Vezes:   0:00:00   0:00:00                       0:00:00   0:00:00


Velocidade:           37.125.806 Bytes/s.
Velocidade:             2124,356 MegaBytes/min.
   Finalizado em: quarta-feira, 15 de abril de 2026 02:54:35

[15/04/2026  2:54:35,47] [OK] Projeto sincronizado para C:\DinamicaBudget
[15/04/2026  2:54:35,48] [ETAPA 2/11] Ambiente virtual Python e dependencias
[15/04/2026  2:54:35,54] [SKIP] venv ja existe e e compativel (Python 3.12.10)
[15/04/2026  2:54:35,55] [INFO] Atualizando pip...
Requirement already satisfied: pip in C:\DinamicaBudget\venv\Lib\site-packages (26.0.1)
[15/04/2026  2:54:36,90] [INFO] Instalando torch CPU para Python 3.12.10...
Looking in indexes: https://download.pytorch.org/whl/cpu
Requirement already satisfied: torch>=2.5.1 in C:\DinamicaBudget\venv\Lib\site-packages (2.11.0+cpu)
Requirement already satisfied: filelock in C:\DinamicaBudget\venv\Lib\site-packages (from torch>=2.5.1) (3.25.2)
Requirement already satisfied: typing-extensions>=4.10.0 in C:\DinamicaBudget\venv\Lib\site-packages (from torch>=2.5.1) (4.15.0)
Requirement already satisfied: setuptools<82 in C:\DinamicaBudget\venv\Lib\site-packages (from torch>=2.5.1) (70.2.0)
Requirement already satisfied: sympy>=1.13.3 in C:\DinamicaBudget\venv\Lib\site-packages (from torch>=2.5.1) (1.14.0)
Requirement already satisfied: networkx>=2.5.1 in C:\DinamicaBudget\venv\Lib\site-packages (from torch>=2.5.1) (3.6.1)
Requirement already satisfied: jinja2 in C:\DinamicaBudget\venv\Lib\site-packages (from torch>=2.5.1) (3.1.6)
Requirement already satisfied: fsspec>=0.8.5 in C:\DinamicaBudget\venv\Lib\site-packages (from torch>=2.5.1) (2026.2.0)
Requirement already satisfied: mpmath<1.4,>=1.1.0 in C:\DinamicaBudget\venv\Lib\site-packages (from sympy>=1.13.3->torch>=2.5.1) (1.3.0)
Requirement already satisfied: MarkupSafe>=2.0 in C:\DinamicaBudget\venv\Lib\site-packages (from jinja2->torch>=2.5.1) (3.0.3)
[15/04/2026  2:54:37,92] [INFO] Instalando dependencias Python (pode levar 5-10 min na 1a vez)...
Requirement already satisfied: fastapi==0.115.5 in C:\DinamicaBudget\venv\Lib\site-packages (0.115.5)
Requirement already satisfied: uvicorn==0.32.1 in C:\DinamicaBudget\venv\Lib\site-packages (from uvicorn[standard]==0.32.1) (0.32.1)
Requirement already satisfied: python-multipart==0.0.12 in C:\DinamicaBudget\venv\Lib\site-packages (0.0.12)
Requirement already satisfied: sqlalchemy==2.0.36 in C:\DinamicaBudget\venv\Lib\site-packages (from sqlalchemy[asyncio]==2.0.36) (2.0.36)
Requirement already satisfied: alembic==1.14.0 in C:\DinamicaBudget\venv\Lib\site-packages (1.14.0)
Requirement already satisfied: pgvector==0.3.6 in C:\DinamicaBudget\venv\Lib\site-packages (0.3.6)
Requirement already satisfied: pydantic==2.10.3 in C:\DinamicaBudget\venv\Lib\site-packages (2.10.3)
Requirement already satisfied: pydantic-settings==2.6.1 in C:\DinamicaBudget\venv\Lib\site-packages (2.6.1)
Requirement already satisfied: passlib==1.7.4 in C:\DinamicaBudget\venv\Lib\site-packages (from passlib[bcrypt]==1.7.4) (1.7.4)
Requirement already satisfied: bcrypt==4.0.1 in C:\DinamicaBudget\venv\Lib\site-packages (4.0.1)
Requirement already satisfied: python-jose==3.3.0 in C:\DinamicaBudget\venv\Lib\site-packages (from python-jose[cryptography]==3.3.0) (3.3.0)
Requirement already satisfied: slowapi==0.1.9 in C:\DinamicaBudget\venv\Lib\site-packages (0.1.9)
Requirement already satisfied: sentence-transformers==3.3.1 in C:\DinamicaBudget\venv\Lib\site-packages (3.3.1)
Requirement already satisfied: structlog==24.4.0 in C:\DinamicaBudget\venv\Lib\site-packages (24.4.0)
Requirement already satisfied: python-dotenv==1.0.1 in C:\DinamicaBudget\venv\Lib\site-packages (1.0.1)
Requirement already satisfied: pytest==8.3.4 in C:\DinamicaBudget\venv\Lib\site-packages (8.3.4)
Requirement already satisfied: pytest-asyncio==0.24.0 in C:\DinamicaBudget\venv\Lib\site-packages (0.24.0)
Requirement already satisfied: httpx==0.28.1 in C:\DinamicaBudget\venv\Lib\site-packages (0.28.1)
Requirement already satisfied: pytest-cov==6.0.0 in C:\DinamicaBudget\venv\Lib\site-packages (6.0.0)
Requirement already satisfied: starlette<0.42.0,>=0.40.0 in C:\DinamicaBudget\venv\Lib\site-packages (from fastapi==0.115.5) (0.41.3)
Requirement already satisfied: typing-extensions>=4.8.0 in C:\DinamicaBudget\venv\Lib\site-packages (from fastapi==0.115.5) (4.15.0)
Requirement already satisfied: annotated-types>=0.6.0 in C:\DinamicaBudget\venv\Lib\site-packages (from pydantic==2.10.3) (0.7.0)
Requirement already satisfied: pydantic-core==2.27.1 in C:\DinamicaBudget\venv\Lib\site-packages (from pydantic==2.10.3) (2.27.1)
Requirement already satisfied: click>=7.0 in C:\DinamicaBudget\venv\Lib\site-packages (from uvicorn==0.32.1->uvicorn[standard]==0.32.1) (8.1.7)
Requirement already satisfied: h11>=0.8 in C:\DinamicaBudget\venv\Lib\site-packages (from uvicorn==0.32.1->uvicorn[standard]==0.32.1) (0.16.0)
Requirement already satisfied: greenlet!=0.4.17 in C:\DinamicaBudget\venv\Lib\site-packages (from sqlalchemy==2.0.36->sqlalchemy[asyncio]==2.0.36) (3.4.0)
Requirement already satisfied: Mako in C:\DinamicaBudget\venv\Lib\site-packages (from alembic==1.14.0) (1.3.11)
Requirement already satisfied: numpy in C:\DinamicaBudget\venv\Lib\site-packages (from pgvector==0.3.6) (2.4.4)
Requirement already satisfied: ecdsa!=0.15 in C:\DinamicaBudget\venv\Lib\site-packages (from python-jose==3.3.0->python-jose[cryptography]==3.3.0) (0.19.2)
Requirement already satisfied: rsa in C:\DinamicaBudget\venv\Lib\site-packages (from python-jose==3.3.0->python-jose[cryptography]==3.3.0) (4.9.1)
Requirement already satisfied: pyasn1 in C:\DinamicaBudget\venv\Lib\site-packages (from python-jose==3.3.0->python-jose[cryptography]==3.3.0) (0.6.3)
Requirement already satisfied: limits>=2.3 in C:\DinamicaBudget\venv\Lib\site-packages (from slowapi==0.1.9) (5.8.0)
Requirement already satisfied: transformers<5.0.0,>=4.41.0 in C:\DinamicaBudget\venv\Lib\site-packages (from sentence-transformers==3.3.1) (4.57.6)
Requirement already satisfied: tqdm in C:\DinamicaBudget\venv\Lib\site-packages (from sentence-transformers==3.3.1) (4.67.3)
Requirement already satisfied: torch>=1.11.0 in C:\DinamicaBudget\venv\Lib\site-packages (from sentence-transformers==3.3.1) (2.11.0+cpu)
Requirement already satisfied: scikit-learn in C:\DinamicaBudget\venv\Lib\site-packages (from sentence-transformers==3.3.1) (1.8.0)
Requirement already satisfied: scipy in C:\DinamicaBudget\venv\Lib\site-packages (from sentence-transformers==3.3.1) (1.17.1)
Requirement already satisfied: huggingface-hub>=0.20.0 in C:\DinamicaBudget\venv\Lib\site-packages (from sentence-transformers==3.3.1) (0.36.2)
Requirement already satisfied: Pillow in C:\DinamicaBudget\venv\Lib\site-packages (from sentence-transformers==3.3.1) (12.2.0)
Requirement already satisfied: colorama in C:\DinamicaBudget\venv\Lib\site-packages (from pytest==8.3.4) (0.4.6)
Requirement already satisfied: iniconfig in C:\DinamicaBudget\venv\Lib\site-packages (from pytest==8.3.4) (2.3.0)
Requirement already satisfied: packaging in C:\DinamicaBudget\venv\Lib\site-packages (from pytest==8.3.4) (26.1)
Requirement already satisfied: pluggy<2,>=1.5 in C:\DinamicaBudget\venv\Lib\site-packages (from pytest==8.3.4) (1.6.0)
Requirement already satisfied: anyio in C:\DinamicaBudget\venv\Lib\site-packages (from httpx==0.28.1) (4.13.0)
Requirement already satisfied: certifi in C:\DinamicaBudget\venv\Lib\site-packages (from httpx==0.28.1) (2026.2.25)
Requirement already satisfied: httpcore==1.* in C:\DinamicaBudget\venv\Lib\site-packages (from httpx==0.28.1) (1.0.9)
Requirement already satisfied: idna in C:\DinamicaBudget\venv\Lib\site-packages (from httpx==0.28.1) (3.11)
Requirement already satisfied: coverage>=7.5 in C:\DinamicaBudget\venv\Lib\site-packages (from coverage[toml]>=7.5->pytest-cov==6.0.0) (7.13.5)
Requirement already satisfied: email-validator>=2.0.0 in C:\DinamicaBudget\venv\Lib\site-packages (from pydantic[email]==2.10.3) (2.3.0)
Requirement already satisfied: cryptography>=3.4.0 in C:\DinamicaBudget\venv\Lib\site-packages (from python-jose[cryptography]==3.3.0) (46.0.7)
Requirement already satisfied: httptools>=0.6.3 in C:\DinamicaBudget\venv\Lib\site-packages (from uvicorn[standard]==0.32.1) (0.7.1)
Requirement already satisfied: pyyaml>=5.1 in C:\DinamicaBudget\venv\Lib\site-packages (from uvicorn[standard]==0.32.1) (6.0.3)
Requirement already satisfied: watchfiles>=0.13 in C:\DinamicaBudget\venv\Lib\site-packages (from uvicorn[standard]==0.32.1) (1.1.1)
Requirement already satisfied: websockets>=10.4 in C:\DinamicaBudget\venv\Lib\site-packages (from uvicorn[standard]==0.32.1) (16.0)
Requirement already satisfied: filelock in C:\DinamicaBudget\venv\Lib\site-packages (from transformers<5.0.0,>=4.41.0->sentence-transformers==3.3.1) (3.25.2)
Requirement already satisfied: regex!=2019.12.17 in C:\DinamicaBudget\venv\Lib\site-packages (from transformers<5.0.0,>=4.41.0->sentence-transformers==3.3.1) (2026.4.4)
Requirement already satisfied: requests in C:\DinamicaBudget\venv\Lib\site-packages (from transformers<5.0.0,>=4.41.0->sentence-transformers==3.3.1) (2.33.1)
Requirement already satisfied: tokenizers<=0.23.0,>=0.22.0 in C:\DinamicaBudget\venv\Lib\site-packages (from transformers<5.0.0,>=4.41.0->sentence-transformers==3.3.1) (0.22.2)
Requirement already satisfied: safetensors>=0.4.3 in C:\DinamicaBudget\venv\Lib\site-packages (from transformers<5.0.0,>=4.41.0->sentence-transformers==3.3.1) (0.7.0)
Requirement already satisfied: fsspec>=2023.5.0 in C:\DinamicaBudget\venv\Lib\site-packages (from huggingface-hub>=0.20.0->sentence-transformers==3.3.1) (2026.2.0)
Requirement already satisfied: cffi>=2.0.0 in C:\DinamicaBudget\venv\Lib\site-packages (from cryptography>=3.4.0->python-jose[cryptography]==3.3.0) (2.0.0)
Requirement already satisfied: pycparser in C:\DinamicaBudget\venv\Lib\site-packages (from cffi>=2.0.0->cryptography>=3.4.0->python-jose[cryptography]==3.3.0) (3.0)
Requirement already satisfied: six>=1.9.0 in C:\DinamicaBudget\venv\Lib\site-packages (from ecdsa!=0.15->python-jose==3.3.0->python-jose[cryptography]==3.3.0) (1.17.0)
Requirement already satisfied: dnspython>=2.0.0 in C:\DinamicaBudget\venv\Lib\site-packages (from email-validator>=2.0.0->pydantic[email]==2.10.3) (2.8.0)
Requirement already satisfied: deprecated>=1.2 in C:\DinamicaBudget\venv\Lib\site-packages (from limits>=2.3->slowapi==0.1.9) (1.3.1)
Requirement already satisfied: wrapt<3,>=1.10 in C:\DinamicaBudget\venv\Lib\site-packages (from deprecated>=1.2->limits>=2.3->slowapi==0.1.9) (2.1.2)
Requirement already satisfied: setuptools<82 in C:\DinamicaBudget\venv\Lib\site-packages (from torch>=1.11.0->sentence-transformers==3.3.1) (70.2.0)
Requirement already satisfied: sympy>=1.13.3 in C:\DinamicaBudget\venv\Lib\site-packages (from torch>=1.11.0->sentence-transformers==3.3.1) (1.14.0)
Requirement already satisfied: networkx>=2.5.1 in C:\DinamicaBudget\venv\Lib\site-packages (from torch>=1.11.0->sentence-transformers==3.3.1) (3.6.1)
Requirement already satisfied: jinja2 in C:\DinamicaBudget\venv\Lib\site-packages (from torch>=1.11.0->sentence-transformers==3.3.1) (3.1.6)
Requirement already satisfied: mpmath<1.4,>=1.1.0 in C:\DinamicaBudget\venv\Lib\site-packages (from sympy>=1.13.3->torch>=1.11.0->sentence-transformers==3.3.1) (1.3.0)
Requirement already satisfied: MarkupSafe>=2.0 in C:\DinamicaBudget\venv\Lib\site-packages (from jinja2->torch>=1.11.0->sentence-transformers==3.3.1) (3.0.3)
Requirement already satisfied: charset_normalizer<4,>=2 in C:\DinamicaBudget\venv\Lib\site-packages (from requests->transformers<5.0.0,>=4.41.0->sentence-transformers==3.3.1) (3.4.7)
Requirement already satisfied: urllib3<3,>=1.26 in C:\DinamicaBudget\venv\Lib\site-packages (from requests->transformers<5.0.0,>=4.41.0->sentence-transformers==3.3.1) (2.6.3)
Requirement already satisfied: joblib>=1.3.0 in C:\DinamicaBudget\venv\Lib\site-packages (from scikit-learn->sentence-transformers==3.3.1) (1.5.3)
Requirement already satisfied: threadpoolctl>=3.2.0 in C:\DinamicaBudget\venv\Lib\site-packages (from scikit-learn->sentence-transformers==3.3.1) (3.6.0)
Requirement already satisfied: asyncpg==0.30.0 in C:\DinamicaBudget\venv\Lib\site-packages (0.30.0)
[15/04/2026  2:54:40,54] [INFO] Instalando rapidfuzz (wheel pre-compilado)...
Requirement already satisfied: rapidfuzz>=3.10.0 in C:\DinamicaBudget\venv\Lib\site-packages (3.14.5)
[15/04/2026  2:54:41,55] [OK] rapidfuzz instalado
Requirement already satisfied: pgcli==4.4.0 in C:\DinamicaBudget\venv\Lib\site-packages (4.4.0)
Requirement already satisfied: pgspecial>=2.0.0 in C:\DinamicaBudget\venv\Lib\site-packages (from pgcli==4.4.0) (2.2.1)
Requirement already satisfied: click<8.1.8,>=4.1 in C:\DinamicaBudget\venv\Lib\site-packages (from pgcli==4.4.0) (8.1.7)
Requirement already satisfied: Pygments>=2.0 in C:\DinamicaBudget\venv\Lib\site-packages (from pgcli==4.4.0) (2.20.0)
Requirement already satisfied: prompt_toolkit<4.0.0,>=2.0.6 in C:\DinamicaBudget\venv\Lib\site-packages (from pgcli==4.4.0) (3.0.52)
Requirement already satisfied: psycopg-binary>=3.0.14 in C:\DinamicaBudget\venv\Lib\site-packages (from pgcli==4.4.0) (3.3.3)
Requirement already satisfied: sqlparse<0.6,>=0.3.0 in C:\DinamicaBudget\venv\Lib\site-packages (from pgcli==4.4.0) (0.5.5)
Requirement already satisfied: configobj>=5.0.6 in C:\DinamicaBudget\venv\Lib\site-packages (from pgcli==4.4.0) (5.0.9)
Requirement already satisfied: cli_helpers>=2.4.0 in C:\DinamicaBudget\venv\Lib\site-packages (from cli_helpers[styles]>=2.4.0->pgcli==4.4.0) (2.14.0)
Requirement already satisfied: tzlocal>=5.2 in C:\DinamicaBudget\venv\Lib\site-packages (from pgcli==4.4.0) (5.3.1)
Requirement already satisfied: colorama in C:\DinamicaBudget\venv\Lib\site-packages (from click<8.1.8,>=4.1->pgcli==4.4.0) (0.4.6)
Requirement already satisfied: wcwidth in C:\DinamicaBudget\venv\Lib\site-packages (from prompt_toolkit<4.0.0,>=2.0.6->pgcli==4.4.0) (0.6.0)
Requirement already satisfied: tabulate~=0.10.0 in C:\DinamicaBudget\venv\Lib\site-packages (from tabulate[widechars]~=0.10.0->cli_helpers>=2.4.0->cli_helpers[styles]>=2.4.0->pgcli==4.4.0) (0.10.0)
Requirement already satisfied: psycopg>=3.0.10 in C:\DinamicaBudget\venv\Lib\site-packages (from pgspecial>=2.0.0->pgcli==4.4.0) (3.3.3)
Requirement already satisfied: typing-extensions>=4.6 in C:\DinamicaBudget\venv\Lib\site-packages (from psycopg>=3.0.10->pgspecial>=2.0.0->pgcli==4.4.0) (4.15.0)
Requirement already satisfied: tzdata in C:\DinamicaBudget\venv\Lib\site-packages (from psycopg>=3.0.10->pgspecial>=2.0.0->pgcli==4.4.0) (2026.1)
[15/04/2026  2:54:42,58] [OK] Dependencias Python instaladas
[15/04/2026  2:54:42,59] [ETAPA 3/11] Configuracao do arquivo .env
[15/04/2026  2:54:42,60] [SKIP] .env ja configurado
[OK] .env validado
[15/04/2026  2:54:43,04] [ETAPA 4/11] PostgreSQL: banco de dados e extensoes
[INFO] Testando conexao: postgres@localhost:5432...
[OK] DATABASE_URL atualizado no .env (senha/host corrigidos)
[OK] Conexao PostgreSQL estabelecida como postgres@localhost:5432
[SKIP] Banco dinamica_budget ja existe
[INFO] Configurando extensoes no banco dinamica_budget...
[WARN] pgvector nao disponivel: ERRO:  a extens√£o "vector" n√£o est√° dispon√≠vel DETALHE:  N√£o foi poss√≠vel abrir o arquivo de controle de extens√£o "C:/Program Files/PostgreSQL/16/share/extension/vector.control": No such file or directory. DICA:  The extension must first be installed on the system where PostgreSQL is running.
[PEND] Instalar pgvector: https://github.com/pgvector/pgvector/releases
[OK] Extensao pg_trgm ativa
[OK] PostgreSQL: banco e extensoes configurados
[15/04/2026  2:54:44,00] [OK] PostgreSQL: banco e extensoes configurados
[15/04/2026  2:54:44,01] [ETAPA 5/11] Migracoes de banco (Alembic)
Traceback (most recent call last):
  File "<frozen runpy>", line 198, in _run_module_as_main
  File "<frozen runpy>", line 88, in _run_code
  File "C:\DinamicaBudget\venv\Scripts\alembic.exe\__main__.py", line 5, in <module>
  File "C:\DinamicaBudget\venv\Lib\site-packages\alembic\config.py", line 636, in main
    CommandLine(prog=prog).main(argv=argv)
  File "C:\DinamicaBudget\venv\Lib\site-packages\alembic\config.py", line 626, in main
    self.run_cmd(cfg, options)
  File "C:\DinamicaBudget\venv\Lib\site-packages\alembic\config.py", line 603, in run_cmd
    fn(
  File "C:\DinamicaBudget\venv\Lib\site-packages\alembic\command.py", line 406, in upgrade
    script.run_env()
  File "C:\DinamicaBudget\venv\Lib\site-packages\alembic\script\base.py", line 586, in run_env
    util.load_python_file(self.dir, "env.py")
  File "C:\DinamicaBudget\venv\Lib\site-packages\alembic\util\pyfiles.py", line 95, in load_python_file
    module = load_module_py(module_id, path)
             ^^^^^^^^^^^^^^^^^^^^^^^^^^^^^^^
  File "C:\DinamicaBudget\venv\Lib\site-packages\alembic\util\pyfiles.py", line 113, in load_module_py
    spec.loader.exec_module(module)  # type: ignore
    ^^^^^^^^^^^^^^^^^^^^^^^^^^^^^^^
  File "<frozen importlib._bootstrap_external>", line 999, in exec_module
  File "<frozen importlib._bootstrap>", line 488, in _call_with_frames_removed
  File "C:\DinamicaBudget\alembic\env.py", line 10, in <module>
    from app.core.config import settings
  File "C:\DinamicaBudget\app\core\config.py", line 77, in <module>
    settings = Settings()
               ^^^^^^^^^^
  File "C:\DinamicaBudget\venv\Lib\site-packages\pydantic_settings\main.py", line 167, in __init__
    super().__init__(
  File "C:\DinamicaBudget\venv\Lib\site-packages\pydantic\main.py", line 214, in __init__
    validated_self = self.__pydantic_validator__.validate_python(data, self_instance=self)
                     ^^^^^^^^^^^^^^^^^^^^^^^^^^^^^^^^^^^^^^^^^^^^^^^^^^^^^^^^^^^^^^^^^^^^^
pydantic_core._pydantic_core.ValidationError: 1 validation error for Settings
PGPASSWORD
  Extra inputs are not permitted [type=extra_forbidden, input_value='PostgresSetup123!', input_type=str]
    For further information visit https://errors.pydantic.dev/2.10/v/extra_forbidden
[15/04/2026  2:54:44,90] [WARN] Alembic upgrade head falhou (codigo 1).
[15/04/2026  2:54:44,92] [INFO] Causas comuns: PostgreSQL parado, banco nao criado, extensoes ausentes.
[15/04/2026  2:54:44,94] [PEND] Executar manualmente: cd C:\DinamicaBudget 
[15/04/2026  2:54:44,96] [ETAPA 6/11] Modelo de Machine Learning
[15/04/2026  2:54:44,97] [INFO] Diretorio do modelo existe mas pode estar incompleto
